Loading "qc_modular.m"
Loading "coleman.m"
Loading "auxpolys.m"
Loading "coho.m"
Loading "froblift.m"
Loading "reductions.m"
Loading "singleintegrals.m"
Loading "misc.m"
Loading "applications.m"
Loading "symplectic_basis.m"
Loading "hecke_correspondence.m"
Loading "hodge.m"
Loading "frobenius.m"
Loading "heights.m"
Loading "second_patch_quartic.m"
 Computing Hodge filtration for correspondence 1.
 eta =  (-3103420369771569216590435272494936805846444359895592892017003/31614221120454216776139515889293177674571214594278643984750 -449639703512079742804038194739794863072084534490899836561892097/108391615270128743232478340191862323455672735751812493662000 -506382409102433904228099741250876995718470963618606943165669673/94842663361362650328418547667879533023713643782835931954250).
 beta_fil  =  (-78719634412317141710137160603627356432120798343388247209023/337582215983305651887280676841983412984054268831728000 1499543401390874047130883199368276723931942222495411319287/28131851331942137657273389736831951082004522402644000 -213235014275274320387736358124970126556177224816098065027/28131851331942137657273389736831951082004522402644000).
 gamma_fil =  (7563736793695232165988525291880818660696574314748964131300046945598825097962017/37222004446519734540022849690252580798940319631640330190190658843276988334550*x^2 - 127756638282628130825868728247799924171017087445783574891504443447534177525252349/99258678524052625440060932507340215463840852351040880507175090248738635558800*x + 2402132325983927087680807387269233539373212547389644199740800541857832833132709793/595552071144315752640365595044041292783045114106245283043050541492431813352800   44004725462238676650599485643475875171034356922374147462512349946433628536525403/132344904698736833920081243343120287285121136468054507342900120331651514078400*x + 43211703739792375471401189726221627627030885803420326203955378751296798994253009/198517357048105250880121865014680430927681704702081761014350180497477271117600   415329305177430576726182748002600861083786447648296977512808797172304331020143/42539433653165410902883256788860092341646079579017520217360752963745129525200   0).

 Computing Frobenius structure for correspondence 1.
 Computing Hodge filtration for correspondence 2.
 eta =  (19143142835043936037415639800657923383958821066676073489472093/135851830418289929624589306560605960791053646767600213070375 261393709264051702651406984768872565604069849628016239595300479/58222213036409969839109702811688268910451562900400091315875 2432553097476838220991917280596598434551260257232861625203461888/407555491254869788873767919681817882373160940302800639211125).
 beta_fil  =  (41795428733763147192659331881459730199647402209046693729991/181331218722966810560101104387820620380071182412911000 -1590763574407846978616870357087743265732632999972878673183/30221869787161135093350184064636770063345197068818500 56523650176259596705625563710594684964494072909304821367/7555467446790283773337546016159192515836299267204625).
 gamma_fil =  (-32030347034861300316601602844710041684147564697105219325710834423988175523240287/159949454918748318131543950011640329652679883815442206840056473270323665803675*x^2 + 1781453406862132090201398581992395657106690731593090900896114309602518202798614663/1386228609295818757140047566767549523656558993067165792613822768342805103631850*x - 66982739944339347331772054134219692621107799193788817342598801646315335591610675197/16634743311549825085680570801210594283878707916805989511365873220113661243582200   -606964883921394327661620664998679917688973775793245166470074186704326916581898151/1848304812394425009520063422356732698208745324089554390151763691123740138175800*x - 1217780346819889610397403713036977693759143142548795245507215230723470768261765181/5544914437183275028560190267070198094626235972268663170455291073371220414527400   -91423727315777288866649919022754364633179417707029905822135294029781585899841021/9505567606599900048960326172120339590787833095317708292209070411493520710618400   0).

 Computing Frobenius structure for correspondence 2.
 The quadratic Chabauty function for correspondence 1 is correct to precision 11^8.
 The quadratic Chabauty function for correspondence 2 is correct to precision 11^8.
 All roots of the quadratic Chabauty function(s) are correct to precision at least 11^7.

 The common roots of the quadratic Chabauty function(s) in this affine patch are 
 [
[ O(11^8), O(11^8) ],
[ O(11^8), -4 + O(11^8) ],
[ 1 + O(11^8), -6 + O(11^9) ]
] 

 Computing Hodge filtration for correspondence 1.
 eta =  (22975963735477101506815232957923521441520972230392133989182769939011042385990133702445768640957736901843160279/6943744537121880931383983521989838000987821871876247118731651047910852230608503260547148389250532245064704 -31211305591867305394847982819425392831049360721009025274629776243488690781718909272204472561237180397812437613/1543054341582640206974218560442186222441738193750277137495922455091300495690778502343810753166784943347712 60580029532674150011557268100861660117427614835825789086747895173688845882306602501618678559593799576142137373/1157290756186980155230663920331639666831303645312707853121941841318475371768083876757858064875088707510784).
 beta_fil  =  (-334085174249332327343266601328656601915322209933707633001969796989996374223238161895862248727378612107283/2048058400635201987452786784905295760580963471538458502986041763019130599913380448621049188660160688 -95512272826098438468528388197688433026395076921954826820461587040843030319903370595362725263431045031/2242879559624668918701363874561141084432156666085695275351958427837120478739021676296606112727792 -23396517886503060768941529114318917196447394243969505873185785478204351176319080015629866813765390127/2242879559624668918701363874561141084432156666085695275351958427837120478739021676296606112727792).
 gamma_fil =  (625460706268598352951947179481702040108782322274125109109964769029276925175289332287337315128199040714099606200259503885959237/8396022376613810676625504109116312934512271076431969304600483710315335493571889055466042855058413958333250598547520287275648*x^2 - 4211233386149693853252075684711909368526269604046633472479137250308948141137338731769047906278683311287793796086824979647818363/6297016782460358007469128081837234700884203307323976978450362782736501620178916791599532141293810468749937948910640215456736*x - 2643084750161364306736594930405610747037115709281928937951974761846038285458601632623846811004727024235974082777364346163705275/5302750974703459374710844700494513432323539627220191139747673922304422416992772035031184961089524605263105641187907549858304   472129474146091232661362324082970348999338429427379185376779644275310082065802404488930602768829319702249079580134325857851899/950493099239299321882132540654676935982521253935694638256658533243245527574176119486721832648122334905651011156323051389696*x - 30763477478951596684126458026632218587199180695656769355618680582440187708806022980678929974857386290993322875365959940989037/60222515552519861398389748541180965459741334678531758311539632112243888776367405060127025858159574118349675542480719334912   5219043259824174306681024146945205264958559031373393655141963254907103242774037429329258737834793130213023423998554971939/1753555216502466724441416898311677722329212839689216646741955662137705825725123027457402434222726390629333876054202232096   0).

 Computing Frobenius structure for correspondence 1.
 Computing Hodge filtration for correspondence 2.
 eta =  (13165400083589667949135533907390069523711171563689736473339827763815733969146517570768291365620669698411080491/11271818806843889036579623444647028352289438172174421767790270744845755936560412204451902914377667623472640 -17518076599638281964692119615591893041937787474681787362263291072845629833755744060443548399097774779832531889/2504848623743086452573249654366006300508764038260982615064504609965723541457869378767089536528370582993920 33712188373579892495418332431865190625478288850972199183776979409969436635332101213245798460404846605586481263/1878636467807314839429937240774504725381573028695736961298378457474292656093402034075317152396277937245440).
 beta_fil  =  (-955415898914611914542545697361445918087996078258814863627571502163544285715238908517459002933760308285575/19282822089924736424155811637074474550278391145044573162614962374818972737378430911931404273517905464 -9425512068974949872888201761527542508429496406267663465583725687905147848317052674591255721829987591/728175752045796473855058783168100696736467321666272918795172477429816575559020841808519477116344 -2302423525442885161464248855522159429847185722322937391803987227516995959674371608820487219519791315/728175752045796473855058783168100696736467321666272918795172477429816575559020841808519477116344).
 gamma_fil =  (53348176640951997049918498246420587170062500227925789273381887713281866166589916980660081159552398408089128652611113087168869/2725861886809115025213968146082099532835546699254488171001999036745233227806975809928906420062557504452957858337026624508736*x^2 - 2793315835835079711210905435856719295980813391251697267227171646078072639349066900828467680521200497432432142340543381205060281/10221982075534181344552380547807873248133300122204330641257496387794624604276159287233399075234590641698591968763849841907760*x - 3824178950688846635560530501900105663099031417812647109533977981981369522769442492597406278364570626233402190902330126514118079/25161802032084138694282782886911687995405046454656813886172298800725229795141315168574520800577453887258072538495630380080640   1237302933869716408445766288494657543204166293703320962617724306975634306208546853656528989085829227770552621869616351440875913/8177585660427345075641904438246298598506640097763464513005997110235699683420927429786719260187672513358873575011079873526208*x - 3959394528206783677288362363003328517678373333300947264151125777585523530524336851436495272135544303355988445027163516912791129/23364530458363843073262584109275138852876114565038470037159991743530570524059792656533483600536207181025353071460228210074880   794222519138404011427075782598856709668619373876473739779025641856698551408242081122645489681425474065726476864302357105567/3115270727781845743101677881236685180383481942005129338287998899137409403207972354204464480071494290803380409528030428009984   0).

 Computing Frobenius structure for correspondence 2.
 The quadratic Chabauty function for correspondence 1 is correct to precision 11^8.
 The quadratic Chabauty function for correspondence 2 is correct to precision 11^8.
 All roots of the quadratic Chabauty function(s) are correct to precision at least 11^7.

 The common roots of the quadratic Chabauty function(s) in this affine patch are 
 [
[ O(11^8), O(11^8) ],
[ -107179440 + O(11^8), -3 + O(11^8) ],
[ 1 + O(11^8), O(11^8) ],
[ 1 + O(11^8), -4 + O(11^8) ]
] 

Good affine points on first patch [
[ 1, -6 ],
[ 0, 0 ],
[ 0, -4 ]
]
Good affine points on second patch [
[ 1/2, -3 ],
[ 1, 0 ],
[ 1, -4 ],
[ 0, 0 ]
]

Total time: 192.550 seconds, Total memory usage: 86.56MB
Loading "qc_modular.m"
Loading "coleman.m"
Loading "auxpolys.m"
Loading "coho.m"
Loading "froblift.m"
Loading "reductions.m"
Loading "singleintegrals.m"
Loading "misc.m"
Loading "applications.m"
Loading "symplectic_basis.m"
Loading "hecke_correspondence.m"
Loading "hodge.m"
Loading "frobenius.m"
Loading "heights.m"
Loading "second_patch_quartic.m"
 Computing Hodge filtration for correspondence 1.
 eta =  (-3103420369771569216590435272494936805846444359895592892017003/31614221120454216776139515889293177674571214594278643984750 -449639703512079742804038194739794863072084534490899836561892097/108391615270128743232478340191862323455672735751812493662000 -506382409102433904228099741250876995718470963618606943165669673/94842663361362650328418547667879533023713643782835931954250).
 beta_fil  =  (-78719634412317141710137160603627356432120798343388247209023/337582215983305651887280676841983412984054268831728000 1499543401390874047130883199368276723931942222495411319287/28131851331942137657273389736831951082004522402644000 -213235014275274320387736358124970126556177224816098065027/28131851331942137657273389736831951082004522402644000).
 gamma_fil =  (7563736793695232165988525291880818660696574314748964131300046945598825097962017/37222004446519734540022849690252580798940319631640330190190658843276988334550*x^2 - 127756638282628130825868728247799924171017087445783574891504443447534177525252349/99258678524052625440060932507340215463840852351040880507175090248738635558800*x + 2402132325983927087680807387269233539373212547389644199740800541857832833132709793/595552071144315752640365595044041292783045114106245283043050541492431813352800   44004725462238676650599485643475875171034356922374147462512349946433628536525403/132344904698736833920081243343120287285121136468054507342900120331651514078400*x + 43211703739792375471401189726221627627030885803420326203955378751296798994253009/198517357048105250880121865014680430927681704702081761014350180497477271117600   415329305177430576726182748002600861083786447648296977512808797172304331020143/42539433653165410902883256788860092341646079579017520217360752963745129525200   0).

 Computing Frobenius structure for correspondence 1.
 Computing Hodge filtration for correspondence 2.
 eta =  (19143142835043936037415639800657923383958821066676073489472093/135851830418289929624589306560605960791053646767600213070375 261393709264051702651406984768872565604069849628016239595300479/58222213036409969839109702811688268910451562900400091315875 2432553097476838220991917280596598434551260257232861625203461888/407555491254869788873767919681817882373160940302800639211125).
 beta_fil  =  (41795428733763147192659331881459730199647402209046693729991/181331218722966810560101104387820620380071182412911000 -1590763574407846978616870357087743265732632999972878673183/30221869787161135093350184064636770063345197068818500 56523650176259596705625563710594684964494072909304821367/7555467446790283773337546016159192515836299267204625).
 gamma_fil =  (-32030347034861300316601602844710041684147564697105219325710834423988175523240287/159949454918748318131543950011640329652679883815442206840056473270323665803675*x^2 + 1781453406862132090201398581992395657106690731593090900896114309602518202798614663/1386228609295818757140047566767549523656558993067165792613822768342805103631850*x - 66982739944339347331772054134219692621107799193788817342598801646315335591610675197/16634743311549825085680570801210594283878707916805989511365873220113661243582200   -606964883921394327661620664998679917688973775793245166470074186704326916581898151/1848304812394425009520063422356732698208745324089554390151763691123740138175800*x - 1217780346819889610397403713036977693759143142548795245507215230723470768261765181/5544914437183275028560190267070198094626235972268663170455291073371220414527400   -91423727315777288866649919022754364633179417707029905822135294029781585899841021/9505567606599900048960326172120339590787833095317708292209070411493520710618400   0).

 Computing Frobenius structure for correspondence 2.
 The quadratic Chabauty function for correspondence 1 is correct to precision 11^8.
 The quadratic Chabauty function for correspondence 2 is correct to precision 11^8.
 All roots of the quadratic Chabauty function(s) are correct to precision at least 11^7.

 The common roots of the quadratic Chabauty function(s) in this affine patch are 
 [
[ O(11^8), O(11^8) ],
[ O(11^8), -4 + O(11^8) ],
[ 1 + O(11^8), -6 + O(11^9) ]
] 

 Computing Hodge filtration for correspondence 1.
 eta =  (22975963735477101506815232957923521441520972230392133989182769939011042385990133702445768640957736901843160279/6943744537121880931383983521989838000987821871876247118731651047910852230608503260547148389250532245064704 -31211305591867305394847982819425392831049360721009025274629776243488690781718909272204472561237180397812437613/1543054341582640206974218560442186222441738193750277137495922455091300495690778502343810753166784943347712 60580029532674150011557268100861660117427614835825789086747895173688845882306602501618678559593799576142137373/1157290756186980155230663920331639666831303645312707853121941841318475371768083876757858064875088707510784).
 beta_fil  =  (-334085174249332327343266601328656601915322209933707633001969796989996374223238161895862248727378612107283/2048058400635201987452786784905295760580963471538458502986041763019130599913380448621049188660160688 -95512272826098438468528388197688433026395076921954826820461587040843030319903370595362725263431045031/2242879559624668918701363874561141084432156666085695275351958427837120478739021676296606112727792 -23396517886503060768941529114318917196447394243969505873185785478204351176319080015629866813765390127/2242879559624668918701363874561141084432156666085695275351958427837120478739021676296606112727792).
 gamma_fil =  (625460706268598352951947179481702040108782322274125109109964769029276925175289332287337315128199040714099606200259503885959237/8396022376613810676625504109116312934512271076431969304600483710315335493571889055466042855058413958333250598547520287275648*x^2 - 4211233386149693853252075684711909368526269604046633472479137250308948141137338731769047906278683311287793796086824979647818363/6297016782460358007469128081837234700884203307323976978450362782736501620178916791599532141293810468749937948910640215456736*x - 2643084750161364306736594930405610747037115709281928937951974761846038285458601632623846811004727024235974082777364346163705275/5302750974703459374710844700494513432323539627220191139747673922304422416992772035031184961089524605263105641187907549858304   472129474146091232661362324082970348999338429427379185376779644275310082065802404488930602768829319702249079580134325857851899/950493099239299321882132540654676935982521253935694638256658533243245527574176119486721832648122334905651011156323051389696*x - 30763477478951596684126458026632218587199180695656769355618680582440187708806022980678929974857386290993322875365959940989037/60222515552519861398389748541180965459741334678531758311539632112243888776367405060127025858159574118349675542480719334912   5219043259824174306681024146945205264958559031373393655141963254907103242774037429329258737834793130213023423998554971939/1753555216502466724441416898311677722329212839689216646741955662137705825725123027457402434222726390629333876054202232096   0).

 Computing Frobenius structure for correspondence 1.
 Computing Hodge filtration for correspondence 2.
 eta =  (13165400083589667949135533907390069523711171563689736473339827763815733969146517570768291365620669698411080491/11271818806843889036579623444647028352289438172174421767790270744845755936560412204451902914377667623472640 -17518076599638281964692119615591893041937787474681787362263291072845629833755744060443548399097774779832531889/2504848623743086452573249654366006300508764038260982615064504609965723541457869378767089536528370582993920 33712188373579892495418332431865190625478288850972199183776979409969436635332101213245798460404846605586481263/1878636467807314839429937240774504725381573028695736961298378457474292656093402034075317152396277937245440).
 beta_fil  =  (-955415898914611914542545697361445918087996078258814863627571502163544285715238908517459002933760308285575/19282822089924736424155811637074474550278391145044573162614962374818972737378430911931404273517905464 -9425512068974949872888201761527542508429496406267663465583725687905147848317052674591255721829987591/728175752045796473855058783168100696736467321666272918795172477429816575559020841808519477116344 -2302423525442885161464248855522159429847185722322937391803987227516995959674371608820487219519791315/728175752045796473855058783168100696736467321666272918795172477429816575559020841808519477116344).
 gamma_fil =  (53348176640951997049918498246420587170062500227925789273381887713281866166589916980660081159552398408089128652611113087168869/2725861886809115025213968146082099532835546699254488171001999036745233227806975809928906420062557504452957858337026624508736*x^2 - 2793315835835079711210905435856719295980813391251697267227171646078072639349066900828467680521200497432432142340543381205060281/10221982075534181344552380547807873248133300122204330641257496387794624604276159287233399075234590641698591968763849841907760*x - 3824178950688846635560530501900105663099031417812647109533977981981369522769442492597406278364570626233402190902330126514118079/25161802032084138694282782886911687995405046454656813886172298800725229795141315168574520800577453887258072538495630380080640   1237302933869716408445766288494657543204166293703320962617724306975634306208546853656528989085829227770552621869616351440875913/8177585660427345075641904438246298598506640097763464513005997110235699683420927429786719260187672513358873575011079873526208*x - 3959394528206783677288362363003328517678373333300947264151125777585523530524336851436495272135544303355988445027163516912791129/23364530458363843073262584109275138852876114565038470037159991743530570524059792656533483600536207181025353071460228210074880   794222519138404011427075782598856709668619373876473739779025641856698551408242081122645489681425474065726476864302357105567/3115270727781845743101677881236685180383481942005129338287998899137409403207972354204464480071494290803380409528030428009984   0).

 Computing Frobenius structure for correspondence 2.
 The quadratic Chabauty function for correspondence 1 is correct to precision 11^8.
 The quadratic Chabauty function for correspondence 2 is correct to precision 11^8.
 All roots of the quadratic Chabauty function(s) are correct to precision at least 11^7.

 The common roots of the quadratic Chabauty function(s) in this affine patch are 
 [
[ O(11^8), O(11^8) ],
[ -107179440 + O(11^8), -3 + O(11^8) ],
[ 1 + O(11^8), O(11^8) ],
[ 1 + O(11^8), -4 + O(11^8) ]
] 

Good affine points on first patch [
[ 1, -6 ],
[ 0, 0 ],
[ 0, -4 ]
]
Good affine points on second patch [
[ 1/2, -3 ],
[ 1, 0 ],
[ 1, -4 ],
[ 0, 0 ]
]

Total time: 130.349 seconds, Total memory usage: 86.56MB
Loading "qc_modular.m"
Loading "coleman.m"
Loading "auxpolys.m"
Loading "coho.m"
Loading "froblift.m"
Loading "reductions.m"
Loading "singleintegrals.m"
Loading "misc.m"
Loading "applications.m"
Loading "symplectic_basis.m"
Loading "hecke_correspondence.m"
Loading "hodge.m"
Loading "frobenius.m"
Loading "heights.m"
Loading "second_patch_quartic.m"
 Computing Hodge filtration for correspondence 1.
 eta =  (-3103420369771569216590435272494936805846444359895592892017003/31614221120454216776139515889293177674571214594278643984750 -449639703512079742804038194739794863072084534490899836561892097/108391615270128743232478340191862323455672735751812493662000 -506382409102433904228099741250876995718470963618606943165669673/94842663361362650328418547667879533023713643782835931954250).
 beta_fil  =  (-78719634412317141710137160603627356432120798343388247209023/337582215983305651887280676841983412984054268831728000 1499543401390874047130883199368276723931942222495411319287/28131851331942137657273389736831951082004522402644000 -213235014275274320387736358124970126556177224816098065027/28131851331942137657273389736831951082004522402644000).
 gamma_fil =  (7563736793695232165988525291880818660696574314748964131300046945598825097962017/37222004446519734540022849690252580798940319631640330190190658843276988334550*x^2 - 127756638282628130825868728247799924171017087445783574891504443447534177525252349/99258678524052625440060932507340215463840852351040880507175090248738635558800*x + 2402132325983927087680807387269233539373212547389644199740800541857832833132709793/595552071144315752640365595044041292783045114106245283043050541492431813352800   44004725462238676650599485643475875171034356922374147462512349946433628536525403/132344904698736833920081243343120287285121136468054507342900120331651514078400*x + 43211703739792375471401189726221627627030885803420326203955378751296798994253009/198517357048105250880121865014680430927681704702081761014350180497477271117600   415329305177430576726182748002600861083786447648296977512808797172304331020143/42539433653165410902883256788860092341646079579017520217360752963745129525200   0).

 Computing Frobenius structure for correspondence 1.
 Computing Hodge filtration for correspondence 2.
 eta =  (19143142835043936037415639800657923383958821066676073489472093/135851830418289929624589306560605960791053646767600213070375 261393709264051702651406984768872565604069849628016239595300479/58222213036409969839109702811688268910451562900400091315875 2432553097476838220991917280596598434551260257232861625203461888/407555491254869788873767919681817882373160940302800639211125).
 beta_fil  =  (41795428733763147192659331881459730199647402209046693729991/181331218722966810560101104387820620380071182412911000 -1590763574407846978616870357087743265732632999972878673183/30221869787161135093350184064636770063345197068818500 56523650176259596705625563710594684964494072909304821367/7555467446790283773337546016159192515836299267204625).
 gamma_fil =  (-32030347034861300316601602844710041684147564697105219325710834423988175523240287/159949454918748318131543950011640329652679883815442206840056473270323665803675*x^2 + 1781453406862132090201398581992395657106690731593090900896114309602518202798614663/1386228609295818757140047566767549523656558993067165792613822768342805103631850*x - 66982739944339347331772054134219692621107799193788817342598801646315335591610675197/16634743311549825085680570801210594283878707916805989511365873220113661243582200   -606964883921394327661620664998679917688973775793245166470074186704326916581898151/1848304812394425009520063422356732698208745324089554390151763691123740138175800*x - 1217780346819889610397403713036977693759143142548795245507215230723470768261765181/5544914437183275028560190267070198094626235972268663170455291073371220414527400   -91423727315777288866649919022754364633179417707029905822135294029781585899841021/9505567606599900048960326172120339590787833095317708292209070411493520710618400   0).

 Computing Frobenius structure for correspondence 2.
 The quadratic Chabauty function for correspondence 1 is correct to precision 11^8.
 The quadratic Chabauty function for correspondence 2 is correct to precision 11^8.
 All roots of the quadratic Chabauty function(s) are correct to precision at least 11^7.

 The common roots of the quadratic Chabauty function(s) in this affine patch are 
 [
[ O(11^8), O(11^8) ],
[ O(11^8), -4 + O(11^8) ],
[ 1 + O(11^8), -6 + O(11^9) ]
] 

 Computing Hodge filtration for correspondence 1.
 eta =  (22975963735477101506815232957923521441520972230392133989182769939011042385990133702445768640957736901843160279/6943744537121880931383983521989838000987821871876247118731651047910852230608503260547148389250532245064704 -31211305591867305394847982819425392831049360721009025274629776243488690781718909272204472561237180397812437613/1543054341582640206974218560442186222441738193750277137495922455091300495690778502343810753166784943347712 60580029532674150011557268100861660117427614835825789086747895173688845882306602501618678559593799576142137373/1157290756186980155230663920331639666831303645312707853121941841318475371768083876757858064875088707510784).
 beta_fil  =  (-334085174249332327343266601328656601915322209933707633001969796989996374223238161895862248727378612107283/2048058400635201987452786784905295760580963471538458502986041763019130599913380448621049188660160688 -95512272826098438468528388197688433026395076921954826820461587040843030319903370595362725263431045031/2242879559624668918701363874561141084432156666085695275351958427837120478739021676296606112727792 -23396517886503060768941529114318917196447394243969505873185785478204351176319080015629866813765390127/2242879559624668918701363874561141084432156666085695275351958427837120478739021676296606112727792).
 gamma_fil =  (625460706268598352951947179481702040108782322274125109109964769029276925175289332287337315128199040714099606200259503885959237/8396022376613810676625504109116312934512271076431969304600483710315335493571889055466042855058413958333250598547520287275648*x^2 - 4211233386149693853252075684711909368526269604046633472479137250308948141137338731769047906278683311287793796086824979647818363/6297016782460358007469128081837234700884203307323976978450362782736501620178916791599532141293810468749937948910640215456736*x - 2643084750161364306736594930405610747037115709281928937951974761846038285458601632623846811004727024235974082777364346163705275/5302750974703459374710844700494513432323539627220191139747673922304422416992772035031184961089524605263105641187907549858304   472129474146091232661362324082970348999338429427379185376779644275310082065802404488930602768829319702249079580134325857851899/950493099239299321882132540654676935982521253935694638256658533243245527574176119486721832648122334905651011156323051389696*x - 30763477478951596684126458026632218587199180695656769355618680582440187708806022980678929974857386290993322875365959940989037/60222515552519861398389748541180965459741334678531758311539632112243888776367405060127025858159574118349675542480719334912   5219043259824174306681024146945205264958559031373393655141963254907103242774037429329258737834793130213023423998554971939/1753555216502466724441416898311677722329212839689216646741955662137705825725123027457402434222726390629333876054202232096   0).

 Computing Frobenius structure for correspondence 1.
 Computing Hodge filtration for correspondence 2.
 eta =  (13165400083589667949135533907390069523711171563689736473339827763815733969146517570768291365620669698411080491/11271818806843889036579623444647028352289438172174421767790270744845755936560412204451902914377667623472640 -17518076599638281964692119615591893041937787474681787362263291072845629833755744060443548399097774779832531889/2504848623743086452573249654366006300508764038260982615064504609965723541457869378767089536528370582993920 33712188373579892495418332431865190625478288850972199183776979409969436635332101213245798460404846605586481263/1878636467807314839429937240774504725381573028695736961298378457474292656093402034075317152396277937245440).
 beta_fil  =  (-955415898914611914542545697361445918087996078258814863627571502163544285715238908517459002933760308285575/19282822089924736424155811637074474550278391145044573162614962374818972737378430911931404273517905464 -9425512068974949872888201761527542508429496406267663465583725687905147848317052674591255721829987591/728175752045796473855058783168100696736467321666272918795172477429816575559020841808519477116344 -2302423525442885161464248855522159429847185722322937391803987227516995959674371608820487219519791315/728175752045796473855058783168100696736467321666272918795172477429816575559020841808519477116344).
 gamma_fil =  (53348176640951997049918498246420587170062500227925789273381887713281866166589916980660081159552398408089128652611113087168869/2725861886809115025213968146082099532835546699254488171001999036745233227806975809928906420062557504452957858337026624508736*x^2 - 2793315835835079711210905435856719295980813391251697267227171646078072639349066900828467680521200497432432142340543381205060281/10221982075534181344552380547807873248133300122204330641257496387794624604276159287233399075234590641698591968763849841907760*x - 3824178950688846635560530501900105663099031417812647109533977981981369522769442492597406278364570626233402190902330126514118079/25161802032084138694282782886911687995405046454656813886172298800725229795141315168574520800577453887258072538495630380080640   1237302933869716408445766288494657543204166293703320962617724306975634306208546853656528989085829227770552621869616351440875913/8177585660427345075641904438246298598506640097763464513005997110235699683420927429786719260187672513358873575011079873526208*x - 3959394528206783677288362363003328517678373333300947264151125777585523530524336851436495272135544303355988445027163516912791129/23364530458363843073262584109275138852876114565038470037159991743530570524059792656533483600536207181025353071460228210074880   794222519138404011427075782598856709668619373876473739779025641856698551408242081122645489681425474065726476864302357105567/3115270727781845743101677881236685180383481942005129338287998899137409403207972354204464480071494290803380409528030428009984   0).

 Computing Frobenius structure for correspondence 2.
 The quadratic Chabauty function for correspondence 1 is correct to precision 11^8.
 The quadratic Chabauty function for correspondence 2 is correct to precision 11^8.
 All roots of the quadratic Chabauty function(s) are correct to precision at least 11^7.

 The common roots of the quadratic Chabauty function(s) in this affine patch are 
 [
[ O(11^8), O(11^8) ],
[ -107179440 + O(11^8), -3 + O(11^8) ],
[ 1 + O(11^8), O(11^8) ],
[ 1 + O(11^8), -4 + O(11^8) ]
] 

Good affine points on first patch [
[ 1, -6 ],
[ 0, 0 ],
[ 0, -4 ]
]
Good affine points on second patch [
[ 1/2, -3 ],
[ 1, 0 ],
[ 1, -4 ],
[ 0, 0 ]
]


Total time: 134.340 seconds, Total memory usage: 86.56MB
