
In file "qc_Xns24plus.m", line 3, column 23:
>> Qlmfdb := x^4 - 2*x^3*y + 2*x^3 - x^2*y^2 - 2*x^2*y - x^2 + 2*x*y^3 - 2*x*y^2 + 2*x*y
                         ^
User error: Identifier 'y' has not been declared or assigned

RegularModel(
C: C,
P: Ideal of Integer Ring generated by 2
)
In file "/usr/local/magma/package/Geometry/Crv/RegModel/main.m", line 1643, column 17:
>>     eqnC := PolC! DefiningEquations(C)[1];
                   ^
Runtime error in '!': Coefficient cannot be coerced

Total time: 0.640 seconds, Total memory usage: 32.09MB

In file "qc_Xns24plus.m", line 3, column 11:
>> - 2*x + 2*y^3*+ 2*y^2 + 2*y;
             ^
User error: Identifier 'y' has not been declared or assigned

In file "qc_Xns24plus.m", line 7, column 1:
>> Q := y^4 - 2*y^3*x + 2*y^3 - y^2*x^2 - 2*y^2*x - y^2 + 2*y*x^3 - 2*y*x^2 + 2*y*x
   ^
User error: bad syntax

Total time: 0.260 seconds, Total memory usage: 32.09MB

RegularModel(
C: C,
P: Ideal of Integer Ring generated by 2
)
In file "/usr/local/magma/package/Geometry/Crv/RegModel/main.m", line 1643, column 17:
>>     eqnC := PolC! DefiningEquations(C)[1];
                   ^
Runtime error in '!': Coefficient cannot be coerced
> C;
Curve over Rational Field defined by
$.1^5 + 1/2*$.1^3*$.2*$.3 - 1/4*$.1^2*$.2^2*$.3 - 1/2*$.1*$.2^3*$.3 + 1/4*$.2^4*$.3 - 1/2*$.1^2*$.2*$.3^2 - 1/2*$.1*$.2^2*$.3^2 + 1/2*$.2^3*$.3^2 + 1/2*$.1*$.2*$.3^3 - 1/4*$.2^2*$.3^3 + 1/2*$.1*$.3^4 - 1/2*$.2*$.3^4
> Caff;
Curve over Rational Field defined by
4*x^5 + 2*x^3*y - x^2*y^2 - 2*x^2*y - 2*x*y^3 - 2*x*y^2 + 2*x*y + 2*x + y^4 + 2*y^3 - y^2 - 2*y

Total time: 0.670 seconds, Total memory usage: 32.09MB

RegularModel(
C: C,
P: Ideal of Integer Ring generated by 2
)
In file "/usr/local/magma/package/Geometry/Crv/RegModel/main.m", line 1643, column 17:
>>     eqnC := PolC! DefiningEquations(C)[1];
                   ^
Runtime error in '!': Coefficient cannot be coerced
> Cl
> C;

>> C;
   ^
User error: bad syntax
> C;
Curve over Rational Field defined by
$.1^3*$.2 - 1/2*$.1^2*$.2^2 - $.1*$.2^3 + 1/2*$.2^4 + $.1^3*$.3 - $.1^2*$.2*$.3 - $.1*$.2^2*$.3 + $.2^3*$.3 + $.1^2*$.3^2 + $.1*$.2*$.3^2 - 1/2*$.2^2*$.3^2 + $.1*$.3^3 - $.2*$.3^3
> Caff;
Curve over Rational Field defined by
2*x^3*y + 2*x^3 - x^2*y^2 - 2*x^2*y + 2*x^2 - 2*x*y^3 - 2*x*y^2 + 2*x*y + 2*x + y^4 + 2*y^3 - y^2 - 2*y
> Degree(C);
4
> Genus(C);
3
> IsSingular(C);
false
> Aut := AutomorphismGroup(C);

RegularModel(
C: C,
P: Ideal of Integer Ring generated by 2
)
In file "/usr/local/magma/package/Geometry/Crv/RegModel/main.m", line 1643, column 17:
>>     eqnC := PolC! DefiningEquations(C)[1];
                   ^
Runtime error in '!': Coefficient cannot be coerced


Total time: 0.620 seconds, Total memory usage: 32.09MB
> aut101 := AutomorphismGroup(ChangeRing(C), GF(101));

>> aut101 := AutomorphismGroup(ChangeRing(C), GF(101));
                                         ^
Runtime error in 'ChangeRing': Bad argument types
Argument types given: CrvPln[FldRat]

> aut101 := AutomorphismGroup(BaseChange(C), GF(101));

>> aut101 := AutomorphismGroup(BaseChange(C), GF(101));
                                         ^
Runtime error in 'BaseChange': Bad argument types
Argument types given: CrvPln[FldRat]

> aut101 := AutomorphismGroup(ChangeRing(C, GF(101)));
> aut101;
Group of all automorphisms of Curve over GF(101) defined by
$.1^3*$.2 + 50*$.1^2*$.2^2 + 100*$.1*$.2^3 + 51*$.2^4 + $.1^3*$.3 + 100*$.1^2*$.2*$.3 + 100*$.1*$.2^2*$.3 + $.2^3*$.3 + $.1^2*$.3^2 + $.1*$.2*$.3^2 + 50*$.2^2*$.3^2 + $.1*$.3^3 + 100*$.2*$.3^3
> AbelianGroup(aut101);

>> AbelianGroup(aut101);
               ^
Runtime error in 'AbelianGroup': Bad argument types
Argument types given: GrpAutCrv

Loading "qc_modular.m"
Loading "coleman.m"
Loading "auxpolys.m"
Loading "coho.m"
Loading "froblift.m"
Loading "reductions.m"
Loading "singleintegrals.m"
Loading "misc.m"
Loading "applications.m"
Loading "symplectic_basis.m"
Loading "hecke_correspondence.m"
Loading "hodge.m"
Loading "frobenius.m"
Loading "heights.m"
Loading "second_patch_quartic.m"

[Interrupted]


Total time: 5.560 seconds, Total memory usage: 32.09MB
Loading "qc_modular.m"
Loading "coleman.m"
Loading "auxpolys.m"
Loading "coho.m"
Loading "froblift.m"
Loading "reductions.m"
Loading "singleintegrals.m"
Loading "misc.m"
Loading "applications.m"
Loading "symplectic_basis.m"
Loading "hecke_correspondence.m"
Loading "hodge.m"
Loading "frobenius.m"
Loading "heights.m"
Loading "second_patch_quartic.m"

 Find a good second affine patch

 Error at p = 3: Runtime error: No good second affine patch found. Try a larger prime.

 Find a good second affine patch

Smallest transformation found has max coeff size  2

 Starting quadratic Chabauty computation for the affine patch 
 y^4 + (-2*x + 2)*y^3 + (-x^2 - 2*x - 1)*y^2 + (2*x^3 - 2*x^2 + 2*x - 2)*y + 2*x^3 + 2*x^2 + 2*x = 0
 at the prime p = 5

 Computing a symplectic basis of H^1

 Error in qc computation at p = 5:
 Runtime error: The computed symplectic basis is not integral. Please try a different prime or a different basis. 

 Find a good second affine patch

Smallest transformation found has max coeff size  2

 Starting quadratic Chabauty computation for the affine patch 
 y^4 + (-2*x + 2)*y^3 + (-x^2 - 2*x - 1)*y^2 + (2*x^3 - 2*x^2 + 2*x - 2)*y + 2*x^3 + 2*x^2 + 2*x = 0
 at the prime p = 7

 Computing a symplectic basis of H^1
 Computed Coleman data at p=7 to precision 15.

 Good affine rational points: [
[ 4, 7 ],
[ 4, -4 ],
[ 0, 1 ],
[ 0, 0 ],
[ 0, -1 ],
[ 0, -2 ],
[ 1/4, 1 ],
[ 1/4, -7/4 ]
]

 Bad affine rational points: []

 Using the base point [ 4, 7 ].

 Computing correspondences
Hecke operator at 7 acting on H^1:
[-181/488 -171/488 -81/488 0 189679/3600 -550973/291136]
[-181/366 -57/122 -27/122 -189679/3600 0 80670/404401]
[-1267/488 -1197/488 -567/488 550973/291136 -80670/404401 0]
[0 0 0 -181/488 -181/366 -1267/488]
[0 0 0 -171/488 -57/122 -1197/488]
[0 0 0 -81/488 -27/122 -567/488]

 Error in qc computation at p = 7:
 Runtime error: Powers of Hecke operator don't suffice to generate the space of nice correspondences 

 Find a good second affine patch

Smallest transformation found has max coeff size  1458

 Starting quadratic Chabauty computation for the affine patch 
 y^4 + (-2*x + 2)*y^3 + (-x^2 - 2*x - 1)*y^2 + (2*x^3 - 2*x^2 + 2*x - 2)*y + 2*x^3 + 2*x^2 + 2*x = 0
 at the prime p = 11

 Computing a symplectic basis of H^1

 Error in qc computation at p = 11:
 Runtime error: bad prime 

 Find a good second affine patch

Smallest transformation found has max coeff size  2

 Starting quadratic Chabauty computation for the affine patch 
 y^4 + (-2*x + 2)*y^3 + (-x^2 - 2*x - 1)*y^2 + (2*x^3 - 2*x^2 + 2*x - 2)*y + 2*x^3 + 2*x^2 + 2*x = 0
 at the prime p = 13

 Computing a symplectic basis of H^1
 Computed Coleman data at p=13 to precision 15.

 Good affine rational points: [
[ 4, 7 ],
[ 4, -4 ],
[ 0, 1 ],
[ 0, 0 ],
[ 0, -1 ],
[ 0, -2 ],
[ 1/4, 1 ],
[ 1/4, -7/4 ]
]

 Bad affine rational points: []

 Using the base point [ 4, 7 ].

 Computing correspondences
Hecke operator at 13 acting on H^1:
[1925/244 387/244 -279/244 0 163613/360 -25489739/25173223]
[-1679/183 -125/61 127/61 -163613/360 0 9191956/42691991]
[1515/244 1221/244 39/244 25489739/25173223 -9191956/42691991 0]
[0 0 0 1925/244 -1679/183 1515/244]
[0 0 0 387/244 -125/61 1221/244]
[0 0 0 -279/244 127/61 39/244]

 Nice correspondences:
[
[0 163613/60 3650749/25143943 -4311/122 -1161/122 837/122]
[-163613/60 0 -37091543/42679791 3358/61 1482/61 -762/61]
[-3650749/25143943 37091543/42679791 0 -4545/122 -3663/122 1347/122]
[4311/122 -3358/61 4545/122 0 0 0]
[1161/122 -1482/61 3663/122 0 0 0]
[-837/122 762/61 -1347/122 0 0 0],

[0 1007744/375 -79647233/22875 -9488/305 -1296/305 432/61]
[-1007744/375 0 -31053695/16062227 2976/61 5344/305 -480/61]
[79647233/22875 31053695/16062227 0 -1488/305 -144/305 4144/305]
[9488/305 -2976/61 1488/305 0 0 0]
[1296/305 -5344/305 144/305 0 0 0]
[-432/61 480/61 -4144/305 0 0 0]
]


 equivariant splitting:
[1 0 0]
[0 1 0]
[0 0 1]
[0 0 0]
[0 -5790058630988325600073/87701768971714930176 -1662399956856875125841/3399293370996702720]
[0 -1662399956856875125841/3399293370996702720 -71389880766393679419803/105378094500897784320]
 Computing Hodge filtration for correspondence 1.
 eta =  (119489716/2319525  49367398/2319525      5083559/3050).
 beta_fil  =  (12073/305  7107/305 6594/1525).
 gamma_fil =  (14914141/30000*x^2 + 77839651/120000*x + 8730438277/160000   -80892841/40000*x + 586093/120000   -27831193/160000   0).

 Computing Frobenius structure for correspondence 1.
 Using point [ 0, 1 ] at correspondence 1 to generate.
 Using point [ 0, 1 ] at correspondence 1 to fit the height pairing.
 Using point [ 0, 0 ] at correspondence 1 to fit the height pairing.
 Computing Hodge filtration for correspondence 2.
 eta =  (  100966477/1391715 1006638821/69585750    281482337/183000).
 beta_fil  =  (48998519/91500 11129683/30500  3223421/30500).
 gamma_fil =  (121916971/18000*x^2 + 636901141/72000*x + 71467512643/96000   -658997503/24000*x - 26025509/72000   -228923983/96000   0).

 Computing Frobenius structure for correspondence 2.
 Using point [ 0, 1 ] at correspondence 2 to generate.
 Using point [ 0, 1 ] at correspondence 2 to fit the height pairing.
 The quadratic Chabauty function for correspondence 1 is correct to precision 13^7.

 Error in qc computation at p = 13:
 
QCModQuarticNoCheck(
Q: y^4 + (-2*x + 2)*y^3 + (-x^2 - 2*x - 1)*y^2 + (2*x^3 - 2*x^2...
)
QCModAffine(
Q: y^4 + (-2*x + 2)*y^3 + (-x^2 - 2*x - 1)*y^2 + (2*x^3 - 2*x^2...,
p: 13
)
valF(
i: 100
)
In file "qc_modular.m", line 610, column 7:
>>       assert i ge i0;^M
         ^
Runtime error in assert: Assertion failed 

 Find a good second affine patch

Smallest transformation found has max coeff size  2

 Starting quadratic Chabauty computation for the affine patch 
 y^4 + (-2*x + 2)*y^3 + (-x^2 - 2*x - 1)*y^2 + (2*x^3 - 2*x^2 + 2*x - 2)*y + 2*x^3 + 2*x^2 + 2*x = 0
 at the prime p = 17

 Computing a symplectic basis of H^1
 Computed Coleman data at p=17 to precision 15.

 Good affine rational points: [
[ 4, 7 ],
[ 4, -4 ],
[ 0, 1 ],
[ 0, 0 ],
[ 0, -1 ],
[ 0, -2 ],
[ 1/4, 1 ],
[ 1/4, -7/4 ]
]

 Bad affine rational points: []

 Using the base point [ 4, 7 ].

 Computing correspondences
Hecke operator at 17 acting on H^1:
[795/488 -171/488 -81/488 0 189679/3600 145768051/1756800]
[-181/366 187/122 -27/122 -189679/3600 0 -340189547/1317600]
[-1267/488 -1197/488 409/488 -145768051/1756800 340189547/1317600 0]
[0 0 0 795/488 -181/366 -1267/488]
[0 0 0 -171/488 187/122 -1197/488]
[0 0 0 -81/488 -27/122 409/488]

 Error in qc computation at p = 17:
 Runtime error: Powers of Hecke operator don't suffice to generate the space of nice correspondences 

 Find a good second affine patch

 Error at p = 19: Runtime error: No good second affine patch found. Try a larger prime.

 Find a good second affine patch

Smallest transformation found has max coeff size  128000

Smallest transformation found has max coeff size  6750

 Starting quadratic Chabauty computation for the affine patch 
 y^4 + (-2*x + 2)*y^3 + (-x^2 - 2*x - 1)*y^2 + (2*x^3 - 2*x^2 + 2*x - 2)*y + 2*x^3 + 2*x^2 + 2*x = 0
 at the prime p = 23

 Computing a symplectic basis of H^1
 Computed Coleman data at p=23 to precision 15.

 Good affine rational points: [
[ 4, 7 ],
[ 4, -4 ],
[ 0, 1 ],
[ 0, 0 ],
[ 0, -1 ],
[ 0, -2 ],
[ 1/4, 1 ],
[ 1/4, -7/4 ]
]

 Bad affine rational points: []

 Using the base point [ 4, 7 ].

 Computing correspondences
Hecke operator at 23 acting on H^1:
[321/122 279/122 -99/122 0 104731/300 -154785661/146400]
[-1498/183 -434/61 154/61 -104731/300 0 585189529/329400]
[1391/122 1209/122 -429/122 154785661/146400 -585189529/329400 0]
[0 0 0 321/122 -1498/183 1391/122]
[0 0 0 279/122 -434/61 1209/122]
[0 0 0 -99/122 154/61 -429/122]

 Error in qc computation at p = 23:
 Runtime error: Powers of Hecke operator don't suffice to generate the space of nice correspondences 

 Find a good second affine patch

Smallest transformation found has max coeff size  2

 Starting quadratic Chabauty computation for the affine patch 
 y^4 + (-2*x + 2)*y^3 + (-x^2 - 2*x - 1)*y^2 + (2*x^3 - 2*x^2 + 2*x - 2)*y + 2*x^3 + 2*x^2 + 2*x = 0
 at the prime p = 29

 Computing a symplectic basis of H^1
 Computed Coleman data at p=29 to precision 15.

 Good affine rational points: [
[ 4, 7 ],
[ 4, -4 ],
[ 0, 1 ],
[ 0, 0 ],
[ 0, -1 ],
[ 0, -2 ],
[ 1/4, 1 ],
[ 1/4, -7/4 ]
]

 Bad affine rational points: []

 Using the base point [ 4, 7 ].

 Computing correspondences
Hecke operator at 29 acting on H^1:
[6543/488 1377/488 -1197/488 0 3461939/3600 -2986015609/1756800]
[-2299/122 -801/122 481/122 -3461939/3600 0 2980568497/1317600]
[4793/488 3687/488 -1387/488 2986015609/1756800 -2980568497/1317600 0]
[0 0 0 6543/488 -2299/122 4793/488]
[0 0 0 1377/488 -801/122 3687/488]
[0 0 0 -1197/488 481/122 -1387/488]

 Nice correspondences:
[
[0 3461939/600 -2986015609/292800 -17677/244 -4131/244 3591/244]
[-3461939/600 0 2980568497/219600 6897/61 2891/61 -1443/61]
[2986015609/292800 -2980568497/219600 0 -14379/244 -11061/244 6113/244]
[17677/244 -6897/61 14379/244 0 0 0]
[4131/244 -2891/61 11061/244 0 0 0]
[-3591/244 1443/61 -6113/244 0 0 0],

[0 9769063/300 -3785510453/146400 -41849/122 -567/122 10827/122]
[-9769063/300 0 858293789/109800 33018/61 9374/61 -3342/61]
[3785510453/146400 -858293789/109800 0 28257/122 31743/122 23101/122]
[41849/122 -33018/61 -28257/122 0 0 0]
[567/122 -9374/61 -31743/122 0 0 0]
[-10827/122 3342/61 -23101/122 0 0 0]
]


 equivariant splitting:
[            1             0             0]
[            0             1             0]
[            0             0             1]
[            0             0             0]
[            0   185317/8100 -2962429/8100]
[            0 -2962429/8100 8819617/32400]
 Computing Hodge filtration for correspondence 1.
 eta =  (6825791701/329400 4561091477/658800 1013514833/292800).
 beta_fil  =  (57691079/146400  12835363/48800   3539933/48800).
 gamma_fil =  (3584833351/720000*x^2 + 18724755961/2880000*x + 2100983594047/3840000   -19387079851/960000*x - 629538377/2880000   -6725022523/3840000   0).

 Computing Frobenius structure for correspondence 1.

[Interrupt twice in half a second; exiting]

Total time: 330.569 seconds, Total memory usage: 93.62MB
Loading "qc_modular.m"
Loading "coleman.m"
Loading "auxpolys.m"
Loading "coho.m"
Loading "froblift.m"
Loading "reductions.m"
Loading "singleintegrals.m"
Loading "misc.m"
Loading "applications.m"
Loading "symplectic_basis.m"
Loading "hecke_correspondence.m"
Loading "hodge.m"
Loading "frobenius.m"
Loading "heights.m"
Loading "second_patch_quartic.m"

 Find a good second affine patch

Smallest transformation found has max coeff size  2

 Starting quadratic Chabauty computation for the affine patch 
 y^4 + (-2*x + 2)*y^3 + (-x^2 - 2*x - 1)*y^2 + (2*x^3 - 2*x^2 + 2*x - 2)*y + 2*x^3 + 2*x^2 + 2*x = 0
 at the prime p = 13

 Computing a symplectic basis of H^1
 Computed Coleman data at p=13 to precision 15.

 Good affine rational points: [
[ 4, 7 ],
[ 4, -4 ],
[ 0, 1 ],
[ 0, 0 ],
[ 0, -1 ],
[ 0, -2 ],
[ 1/4, 1 ],
[ 1/4, -7/4 ]
]

 Bad affine rational points: []

 Using the base point [ 4, 7 ].

 Computing correspondences
Hecke operator at 13 acting on H^1:
[1925/244 387/244 -279/244 0 163613/360 -25489739/25173223]
[-1679/183 -125/61 127/61 -163613/360 0 9191956/42691991]
[1515/244 1221/244 39/244 25489739/25173223 -9191956/42691991 0]
[0 0 0 1925/244 -1679/183 1515/244]
[0 0 0 387/244 -125/61 1221/244]
[0 0 0 -279/244 127/61 39/244]

 Nice correspondences:
[
[0 163613/60 3650749/25143943 -4311/122 -1161/122 837/122]
[-163613/60 0 -37091543/42679791 3358/61 1482/61 -762/61]
[-3650749/25143943 37091543/42679791 0 -4545/122 -3663/122 1347/122]
[4311/122 -3358/61 4545/122 0 0 0]
[1161/122 -1482/61 3663/122 0 0 0]
[-837/122 762/61 -1347/122 0 0 0],

[0 1007744/375 -79647233/22875 -9488/305 -1296/305 432/61]
[-1007744/375 0 -31053695/16062227 2976/61 5344/305 -480/61]
[79647233/22875 31053695/16062227 0 -1488/305 -144/305 4144/305]
[9488/305 -2976/61 1488/305 0 0 0]
[1296/305 -5344/305 144/305 0 0 0]
[-432/61 480/61 -4144/305 0 0 0]
]


 equivariant splitting:
[1 0 0]
[0 1 0]
[0 0 1]
[0 0 0]
[0 -5790058630988325600073/87701768971714930176 -1662399956856875125841/3399293370996702720]
[0 -1662399956856875125841/3399293370996702720 -71389880766393679419803/105378094500897784320]
 Computing Hodge filtration for correspondence 1.
 eta =  (119489716/2319525  49367398/2319525      5083559/3050).
 beta_fil  =  (12073/305  7107/305 6594/1525).
 gamma_fil =  (14914141/30000*x^2 + 77839651/120000*x + 8730438277/160000   -80892841/40000*x + 586093/120000   -27831193/160000   0).

 Computing Frobenius structure for correspondence 1.


Total time: 3.040 seconds, Total memory usage: 184.72MB
 Using point [ 0, 1 ] at correspondence 1 to generate.
 Using point [ 0, 1 ] at correspondence 1 to fit the height pairing.
 Using point [ 0, 0 ] at correspondence 1 to fit the height pairing.
 Computing Hodge filtration for correspondence 2.
 eta =  (  100966477/1391715 1006638821/69585750    281482337/183000).
 beta_fil  =  (48998519/91500 11129683/30500  3223421/30500).
 gamma_fil =  (121916971/18000*x^2 + 636901141/72000*x + 71467512643/96000   -658997503/24000*x - 26025509/72000   -228923983/96000   0).

 Computing Frobenius structure for correspondence 2.
 Using point [ 0, 1 ] at correspondence 2 to generate.
 Using point [ 0, 1 ] at correspondence 2 to fit the height pairing.
 The quadratic Chabauty function for correspondence 1 is correct to precision 13^7.

 Error in qc computation at p = 13:
 
QCModQuarticNoCheck(
Q: y^4 + (-2*x + 2)*y^3 + (-x^2 - 2*x - 1)*y^2 + (2*x^3 - 2*x^2...
)
QCModAffine(
Q: y^4 + (-2*x + 2)*y^3 + (-x^2 - 2*x - 1)*y^2 + (2*x^3 - 2*x^2...,
p: 13
)
valF(
i: 100
)
In file "qc_modular.m", line 610, column 7:
>>       assert i ge i0;^M
         ^
Runtime error in assert: Assertion failed 

 Find a good second affine patch

Smallest transformation found has max coeff size  2

 Starting quadratic Chabauty computation for the affine patch 
 y^4 + (-2*x + 2)*y^3 + (-x^2 - 2*x - 1)*y^2 + (2*x^3 - 2*x^2 + 2*x - 2)*y + 2*x^3 + 2*x^2 + 2*x = 0
 at the prime p = 17

 Computing a symplectic basis of H^1

[Interrupted]

Total time: 159.819 seconds, Total memory usage: 86.56MB
Loading "qc_modular.m"
Loading "coleman.m"
Loading "auxpolys.m"
Loading "coho.m"
Loading "froblift.m"
Loading "reductions.m"
Loading "singleintegrals.m"
Loading "misc.m"
Loading "applications.m"
Loading "symplectic_basis.m"
Loading "hecke_correspondence.m"
Loading "hodge.m"
Loading "frobenius.m"
Loading "heights.m"
Loading "second_patch_quartic.m"

 Find a good second affine patch

Smallest transformation found has max coeff size  2

 Starting quadratic Chabauty computation for the affine patch 
 y^4 + (-2*x + 2)*y^3 + (-x^2 - 2*x - 1)*y^2 + (2*x^3 - 2*x^2 + 2*x - 2)*y + 2*x^3 + 2*x^2 + 2*x = 0
 at the prime p = 13

 Computing a symplectic basis of H^1
 Computed Coleman data at p=13 to precision 15.

 Good affine rational points: [
[ 4, 7 ],
[ 4, -4 ],
[ 0, 1 ],
[ 0, 0 ],
[ 0, -1 ],
[ 0, -2 ],
[ 1/4, 1 ],
[ 1/4, -7/4 ]
]

 Bad affine rational points: []

 Using the base point [ 4, 7 ].

 Computing correspondences
Hecke operator at 13 acting on H^1:
[1925/244 387/244 -279/244 0 163613/360 -25489739/25173223]
[-1679/183 -125/61 127/61 -163613/360 0 9191956/42691991]
[1515/244 1221/244 39/244 25489739/25173223 -9191956/42691991 0]
[0 0 0 1925/244 -1679/183 1515/244]
[0 0 0 387/244 -125/61 1221/244]
[0 0 0 -279/244 127/61 39/244]

 Nice correspondences:
[
[0 163613/60 3650749/25143943 -4311/122 -1161/122 837/122]
[-163613/60 0 -37091543/42679791 3358/61 1482/61 -762/61]
[-3650749/25143943 37091543/42679791 0 -4545/122 -3663/122 1347/122]
[4311/122 -3358/61 4545/122 0 0 0]
[1161/122 -1482/61 3663/122 0 0 0]
[-837/122 762/61 -1347/122 0 0 0],

[0 1007744/375 -79647233/22875 -9488/305 -1296/305 432/61]
[-1007744/375 0 -31053695/16062227 2976/61 5344/305 -480/61]
[79647233/22875 31053695/16062227 0 -1488/305 -144/305 4144/305]
[9488/305 -2976/61 1488/305 0 0 0]
[1296/305 -5344/305 144/305 0 0 0]
[-432/61 480/61 -4144/305 0 0 0]
]


 equivariant splitting:
[1 0 0]
[0 1 0]
[0 0 1]
[0 0 0]
[0 -5790058630988325600073/87701768971714930176 -1662399956856875125841/3399293370996702720]
[0 -1662399956856875125841/3399293370996702720 -71389880766393679419803/105378094500897784320]
 Computing Hodge filtration for correspondence 1.
 eta =  (119489716/2319525  49367398/2319525      5083559/3050).
 beta_fil  =  (12073/305  7107/305 6594/1525).
 gamma_fil =  (14914141/30000*x^2 + 77839651/120000*x + 8730438277/160000   -80892841/40000*x + 586093/120000   -27831193/160000   0).

 Computing Frobenius structure for correspondence 1.
 Using point [ 0, 1 ] at correspondence 1 to generate.
 Using point [ 0, 1 ] at correspondence 1 to fit the height pairing.
 Using point [ 0, 0 ] at correspondence 1 to fit the height pairing.
 Computing Hodge filtration for correspondence 2.
 eta =  (  100966477/1391715 1006638821/69585750    281482337/183000).
 beta_fil  =  (48998519/91500 11129683/30500  3223421/30500).
 gamma_fil =  (121916971/18000*x^2 + 636901141/72000*x + 71467512643/96000   -658997503/24000*x - 26025509/72000   -228923983/96000   0).

 Computing Frobenius structure for correspondence 2.
 Using point [ 0, 1 ] at correspondence 2 to generate.
 Using point [ 0, 1 ] at correspondence 2 to fit the height pairing.
i0 169
 The quadratic Chabauty function for correspondence 1 is correct to precision 13^7.
lower bounds
root finding bound
i 100

 Error in qc computation at p = 13:
 
QCModQuarticNoCheck(
Q: y^4 + (-2*x + 2)*y^3 + (-x^2 - 2*x - 1)*y^2 + (2*x^3 - 2*x^2...
)
QCModAffine(
Q: y^4 + (-2*x + 2)*y^3 + (-x^2 - 2*x - 1)*y^2 + (2*x^3 - 2*x^2...,
p: 13
)
valF(
i: 100
)
In file "qc_modular.m", line 611, column 7:
>>       assert i ge i0;^M
         ^
Runtime error in assert: Assertion failed 

 Find a good second affine patch

Smallest transformation found has max coeff size  2

[Interrupted]

Total time: 152.840 seconds, Total memory usage: 86.56MB
Loading "qc_modular.m"
Loading "coleman.m"
Loading "auxpolys.m"
Loading "coho.m"
Loading "froblift.m"
Loading "reductions.m"
Loading "singleintegrals.m"
Loading "misc.m"
Loading "applications.m"
Loading "symplectic_basis.m"
Loading "hecke_correspondence.m"
Loading "hodge.m"
Loading "frobenius.m"
Loading "heights.m"
Loading "second_patch_quartic.m"

 Find a good second affine patch

Smallest transformation found has max coeff size  2

 Starting quadratic Chabauty computation for the affine patch 
 y^4 + (-2*x + 2)*y^3 + (-x^2 - 2*x - 1)*y^2 + (2*x^3 - 2*x^2 + 2*x - 2)*y + 2*x^3 + 2*x^2 + 2*x = 0
 at the prime p = 13

 Computing a symplectic basis of H^1
 Computed Coleman data at p=13 to precision 15.

 Good affine rational points: [
[ 4, 7 ],
[ 4, -4 ],
[ 0, 1 ],
[ 0, 0 ],
[ 0, -1 ],
[ 0, -2 ],
[ 1/4, 1 ],
[ 1/4, -7/4 ]
]

 Bad affine rational points: []

 Using the base point [ 4, 7 ].

 Computing correspondences
Hecke operator at 13 acting on H^1:
[1925/244 387/244 -279/244 0 163613/360 -25489739/25173223]
[-1679/183 -125/61 127/61 -163613/360 0 9191956/42691991]
[1515/244 1221/244 39/244 25489739/25173223 -9191956/42691991 0]
[0 0 0 1925/244 -1679/183 1515/244]
[0 0 0 387/244 -125/61 1221/244]
[0 0 0 -279/244 127/61 39/244]

 Nice correspondences:
[
[0 163613/60 3650749/25143943 -4311/122 -1161/122 837/122]
[-163613/60 0 -37091543/42679791 3358/61 1482/61 -762/61]
[-3650749/25143943 37091543/42679791 0 -4545/122 -3663/122 1347/122]
[4311/122 -3358/61 4545/122 0 0 0]
[1161/122 -1482/61 3663/122 0 0 0]
[-837/122 762/61 -1347/122 0 0 0],

[0 1007744/375 -79647233/22875 -9488/305 -1296/305 432/61]
[-1007744/375 0 -31053695/16062227 2976/61 5344/305 -480/61]
[79647233/22875 31053695/16062227 0 -1488/305 -144/305 4144/305]
[9488/305 -2976/61 1488/305 0 0 0]
[1296/305 -5344/305 144/305 0 0 0]
[-432/61 480/61 -4144/305 0 0 0]
]


 equivariant splitting:
[1 0 0]
[0 1 0]
[0 0 1]
[0 0 0]
[0 -5790058630988325600073/87701768971714930176 -1662399956856875125841/3399293370996702720]
[0 -1662399956856875125841/3399293370996702720 -71389880766393679419803/105378094500897784320]
 Computing Hodge filtration for correspondence 1.
 eta =  (119489716/2319525  49367398/2319525      5083559/3050).
 beta_fil  =  (12073/305  7107/305 6594/1525).
 gamma_fil =  (14914141/30000*x^2 + 77839651/120000*x + 8730438277/160000   -80892841/40000*x + 586093/120000   -27831193/160000   0).

 Computing Frobenius structure for correspondence 1.
Loading "qc_modular.m"
Loading "coleman.m"
Loading "auxpolys.m"
Loading "coho.m"
Loading "froblift.m"
Loading "reductions.m"
Loading "singleintegrals.m"
Loading "misc.m"
Loading "applications.m"
Loading "symplectic_basis.m"
Loading "hecke_correspondence.m"
Loading "hodge.m"
Loading "frobenius.m"
Loading "heights.m"
Loading "second_patch_quartic.m"

 Find a good second affine patch

Smallest transformation found has max coeff size  2

 Starting quadratic Chabauty computation for the affine patch 
 y^4 + (-2*x + 2)*y^3 + (-x^2 - 2*x - 1)*y^2 + (2*x^3 - 2*x^2 + 2*x - 2)*y + 2*x^3 + 2*x^2 + 2*x = 0
 at the prime p = 13

 Computing a symplectic basis of H^1
 Computed Coleman data at p=13 to precision 15.
 Using point [ 0, 1 ] at correspondence 1 to generate.
 Using point [ 0, 1 ] at correspondence 1 to fit the height pairing.
 Using point [ 0, 0 ] at correspondence 1 to fit the height pairing.

 Good affine rational points: [
[ 4, 7 ],
[ 4, -4 ],
[ 0, 1 ],
[ 0, 0 ],
[ 0, -1 ],
[ 0, -2 ],
[ 1/4, 1 ],
[ 1/4, -7/4 ]
]

 Bad affine rational points: []

 Using the base point [ 4, 7 ].

 Computing correspondences
Hecke operator at 13 acting on H^1:
[1925/244 387/244 -279/244 0 163613/360 -25489739/25173223]
[-1679/183 -125/61 127/61 -163613/360 0 9191956/42691991]
[1515/244 1221/244 39/244 25489739/25173223 -9191956/42691991 0]
[0 0 0 1925/244 -1679/183 1515/244]
[0 0 0 387/244 -125/61 1221/244]
[0 0 0 -279/244 127/61 39/244]

 Nice correspondences:
[
[0 163613/60 3650749/25143943 -4311/122 -1161/122 837/122]
[-163613/60 0 -37091543/42679791 3358/61 1482/61 -762/61]
[-3650749/25143943 37091543/42679791 0 -4545/122 -3663/122 1347/122]
[4311/122 -3358/61 4545/122 0 0 0]
[1161/122 -1482/61 3663/122 0 0 0]
[-837/122 762/61 -1347/122 0 0 0],

[0 1007744/375 -79647233/22875 -9488/305 -1296/305 432/61]
[-1007744/375 0 -31053695/16062227 2976/61 5344/305 -480/61]
[79647233/22875 31053695/16062227 0 -1488/305 -144/305 4144/305]
[9488/305 -2976/61 1488/305 0 0 0]
[1296/305 -5344/305 144/305 0 0 0]
[-432/61 480/61 -4144/305 0 0 0]
]


 equivariant splitting:
[1 0 0]
[0 1 0]
[0 0 1]
[0 0 0]
[0 -5790058630988325600073/87701768971714930176 -1662399956856875125841/3399293370996702720]
[0 -1662399956856875125841/3399293370996702720 -71389880766393679419803/105378094500897784320]
 Computing Hodge filtration for correspondence 1.
 eta =  (119489716/2319525  49367398/2319525      5083559/3050).
 beta_fil  =  (12073/305  7107/305 6594/1525).
 gamma_fil =  (14914141/30000*x^2 + 77839651/120000*x + 8730438277/160000   -80892841/40000*x + 586093/120000   -27831193/160000   0).

 Computing Frobenius structure for correspondence 1.
 Computing Hodge filtration for correspondence 2.
 eta =  (  100966477/1391715 1006638821/69585750    281482337/183000).
 beta_fil  =  (48998519/91500 11129683/30500  3223421/30500).
 gamma_fil =  (121916971/18000*x^2 + 636901141/72000*x + 71467512643/96000   -658997503/24000*x - 26025509/72000   -228923983/96000   0).

 Computing Frobenius structure for correspondence 2.
 Using point [ 0, 1 ] at correspondence 2 to generate.
 Using point [ 0, 1 ] at correspondence 2 to fit the height pairing.
 Using point [ 0, 1 ] at correspondence 1 to generate.
 Using point [ 0, 1 ] at correspondence 1 to fit the height pairing.
 Using point [ 0, 0 ] at correspondence 1 to fit the height pairing.
vals [ -2, 0, 0 ]
i0_threshold -2
i0 169
 The quadratic Chabauty function for correspondence 1 is correct to precision 13^7.
lower bounds
root finding bound
i 100

 Error in qc computation at p = 13:
 
QCModQuarticNoCheck(
Q: y^4 + (-2*x + 2)*y^3 + (-x^2 - 2*x - 1)*y^2 + (2*x^3 - 2*x^2...
)
QCModAffine(
Q: y^4 + (-2*x + 2)*y^3 + (-x^2 - 2*x - 1)*y^2 + (2*x^3 - 2*x^2...,
p: 13
)
valF(
i: 100
)
In file "qc_modular.m", line 613, column 7:
>>       assert i ge i0;^M
         ^
Runtime error in assert: Assertion failed 

 Find a good second affine patch

Smallest transformation found has max coeff size  2
 Computing Hodge filtration for correspondence 2.
 eta =  (  100966477/1391715 1006638821/69585750    281482337/183000).
 beta_fil  =  (48998519/91500 11129683/30500  3223421/30500).
 gamma_fil =  (121916971/18000*x^2 + 636901141/72000*x + 71467512643/96000   -658997503/24000*x - 26025509/72000   -228923983/96000   0).

 Computing Frobenius structure for correspondence 2.

 Starting quadratic Chabauty computation for the affine patch 
 y^4 + (-2*x + 2)*y^3 + (-x^2 - 2*x - 1)*y^2 + (2*x^3 - 2*x^2 + 2*x - 2)*y + 2*x^3 + 2*x^2 + 2*x = 0
 at the prime p = 17

 Computing a symplectic basis of H^1

[Interrupted]
 Using point [ 0, 1 ] at correspondence 2 to generate.
 Using point [ 0, 1 ] at correspondence 2 to fit the height pairing.
vals [ -2, 0, 0 ]
i0_threshold -2
i0 169
 The quadratic Chabauty function for correspondence 1 is correct to precision 13^7.
lower bounds
root finding bound
i 100

 Error in qc computation at p = 13:
 
QCModQuarticNoCheck(
Q: y^4 + (-2*x + 2)*y^3 + (-x^2 - 2*x - 1)*y^2 + (2*x^3 - 2*x^2...
)
QCModAffine(
Q: y^4 + (-2*x + 2)*y^3 + (-x^2 - 2*x - 1)*y^2 + (2*x^3 - 2*x^2...,
p: 13
)
valF(
i: 100
)
In file "qc_modular.m", line 613, column 7:
>>       assert i ge i0;^M
         ^
Runtime error in assert: Assertion failed 

 Find a good second affine patch

Smallest transformation found has max coeff size  2

 Starting quadratic Chabauty computation for the affine patch 
 y^4 + (-2*x + 2)*y^3 + (-x^2 - 2*x - 1)*y^2 + (2*x^3 - 2*x^2 + 2*x - 2)*y + 2*x^3 + 2*x^2 + 2*x = 0
 at the prime p = 17

 Computing a symplectic basis of H^1

[Interrupted]
> 
> 

Total time: 156.550 seconds, Total memory usage: 86.56MB

Total time: 154.230 seconds, Total memory usage: 86.56MB
Loading "qc_modular.m"
Loading "coleman.m"
Loading "auxpolys.m"
Loading "coho.m"
Loading "froblift.m"
Loading "reductions.m"
Loading "singleintegrals.m"
Loading "misc.m"
Loading "applications.m"
Loading "symplectic_basis.m"
Loading "hecke_correspondence.m"
Loading "hodge.m"
Loading "frobenius.m"
Loading "heights.m"
Loading "second_patch_quartic.m"

 Find a good second affine patch

Smallest transformation found has max coeff size  2

 Starting quadratic Chabauty computation for the affine patch 
 y^4 + (-2*x + 2)*y^3 + (-x^2 - 2*x - 1)*y^2 + (2*x^3 - 2*x^2 + 2*x - 2)*y + 2*x^3 + 2*x^2 + 2*x = 0
 at the prime p = 13

 Computing a symplectic basis of H^1
 Computed Coleman data at p=13 to precision 15.

 Good affine rational points: [
[ 4, 7 ],
[ 4, -4 ],
[ 0, 1 ],
[ 0, 0 ],
[ 0, -1 ],
[ 0, -2 ],
[ 1/4, 1 ],
[ 1/4, -7/4 ]
]

 Bad affine rational points: []

 Using the base point [ 4, 7 ].

 Computing correspondences
Hecke operator at 13 acting on H^1:
[1925/244 387/244 -279/244 0 163613/360 -25489739/25173223]
[-1679/183 -125/61 127/61 -163613/360 0 9191956/42691991]
[1515/244 1221/244 39/244 25489739/25173223 -9191956/42691991 0]
[0 0 0 1925/244 -1679/183 1515/244]
[0 0 0 387/244 -125/61 1221/244]
[0 0 0 -279/244 127/61 39/244]

 Nice correspondences:
[
[0 163613/60 3650749/25143943 -4311/122 -1161/122 837/122]
[-163613/60 0 -37091543/42679791 3358/61 1482/61 -762/61]
[-3650749/25143943 37091543/42679791 0 -4545/122 -3663/122 1347/122]
[4311/122 -3358/61 4545/122 0 0 0]
[1161/122 -1482/61 3663/122 0 0 0]
[-837/122 762/61 -1347/122 0 0 0],

[0 1007744/375 -79647233/22875 -9488/305 -1296/305 432/61]
[-1007744/375 0 -31053695/16062227 2976/61 5344/305 -480/61]
[79647233/22875 31053695/16062227 0 -1488/305 -144/305 4144/305]
[9488/305 -2976/61 1488/305 0 0 0]
[1296/305 -5344/305 144/305 0 0 0]
[-432/61 480/61 -4144/305 0 0 0]
]


 equivariant splitting:
[1 0 0]
[0 1 0]
[0 0 1]
[0 0 0]
[0 -5790058630988325600073/87701768971714930176 -1662399956856875125841/3399293370996702720]
[0 -1662399956856875125841/3399293370996702720 -71389880766393679419803/105378094500897784320]
 Computing Hodge filtration for correspondence 1.
 eta =  (119489716/2319525  49367398/2319525      5083559/3050).
 beta_fil  =  (12073/305  7107/305 6594/1525).
 gamma_fil =  (14914141/30000*x^2 + 77839651/120000*x + 8730438277/160000   -80892841/40000*x + 586093/120000   -27831193/160000   0).

 Computing Frobenius structure for correspondence 1.
 Using point [ 0, 1 ] at correspondence 1 to generate.
 Using point [ 0, 1 ] at correspondence 1 to fit the height pairing.
 Using point [ 0, 0 ] at correspondence 1 to fit the height pairing.
 Computing Hodge filtration for correspondence 2.
 eta =  (  100966477/1391715 1006638821/69585750    281482337/183000).
 beta_fil  =  (48998519/91500 11129683/30500  3223421/30500).
 gamma_fil =  (121916971/18000*x^2 + 636901141/72000*x + 71467512643/96000   -658997503/24000*x - 26025509/72000   -228923983/96000   0).

 Computing Frobenius structure for correspondence 2.
 Using point [ 0, 1 ] at correspondence 2 to generate.
 Using point [ 0, 1 ] at correspondence 2 to fit the height pairing.
vals [ -2, 0, 0 ]
i0_threshold -2
i0 169
 The quadratic Chabauty function for correspondence 1 is correct to precision 13^7.
lower bounds
root finding bound
i 100

 Error in qc computation at p = 13:
 
QCModQuarticNoCheck(
Q: y^4 + (-2*x + 2)*y^3 + (-x^2 - 2*x - 1)*y^2 + (2*x^3 - 2*x^2...
)
QCModAffine(
Q: y^4 + (-2*x + 2)*y^3 + (-x^2 - 2*x - 1)*y^2 + (2*x^3 - 2*x^2...,
p: 13
)
valF(
i: 100
)
In file "qc_modular.m", line 613, column 7:
>>       assert i ge i0;^M
         ^
Runtime error in assert: Assertion failed 

 Find a good second affine patch

Smallest transformation found has max coeff size  2

 Starting quadratic Chabauty computation for the affine patch 
 y^4 + (-2*x + 2)*y^3 + (-x^2 - 2*x - 1)*y^2 + (2*x^3 - 2*x^2 + 2*x - 2)*y + 2*x^3 + 2*x^2 + 2*x = 0
 at the prime p = 17

 Computing a symplectic basis of H^1

[Interrupted]

Total time: 159.770 seconds, Total memory usage: 86.56MB
Loading "qc_modular.m"
Loading "coleman.m"
Loading "auxpolys.m"
Loading "coho.m"
Loading "froblift.m"
Loading "reductions.m"
Loading "singleintegrals.m"
Loading "misc.m"
Loading "applications.m"
Loading "symplectic_basis.m"
Loading "hecke_correspondence.m"
Loading "hodge.m"
Loading "frobenius.m"
Loading "heights.m"
Loading "second_patch_quartic.m"

 Find a good second affine patch

Smallest transformation found has max coeff size  2

 Starting quadratic Chabauty computation for the affine patch 
 y^4 + (-2*x + 2)*y^3 + (-x^2 - 2*x - 1)*y^2 + (2*x^3 - 2*x^2 + 2*x - 2)*y + 2*x^3 + 2*x^2 + 2*x = 0
 at the prime p = 13

 Computing a symplectic basis of H^1
Loading "qc_modular.m"
Loading "coleman.m"
Loading "auxpolys.m"
Loading "coho.m"
Loading "froblift.m"
Loading "reductions.m"
Loading "singleintegrals.m"
Loading "misc.m"
Loading "applications.m"
Loading "symplectic_basis.m"
Loading "hecke_correspondence.m"
Loading "hodge.m"
Loading "frobenius.m"
Loading "heights.m"
Loading "second_patch_quartic.m"

 Find a good second affine patch

Smallest transformation found has max coeff size  2
 Computed Coleman data at p=13 to precision 15.

 Good affine rational points: [
[ 4, 7 ],
[ 4, -4 ],
[ 0, 1 ],
[ 0, 0 ],
[ 0, -1 ],
[ 0, -2 ],
[ 1/4, 1 ],
[ 1/4, -7/4 ]
]

 Bad affine rational points: []

 Using the base point [ 4, 7 ].

 Computing correspondences
Hecke operator at 13 acting on H^1:
[1925/244 387/244 -279/244 0 163613/360 -25489739/25173223]
[-1679/183 -125/61 127/61 -163613/360 0 9191956/42691991]
[1515/244 1221/244 39/244 25489739/25173223 -9191956/42691991 0]
[0 0 0 1925/244 -1679/183 1515/244]
[0 0 0 387/244 -125/61 1221/244]
[0 0 0 -279/244 127/61 39/244]

 Nice correspondences:
[
[0 163613/60 3650749/25143943 -4311/122 -1161/122 837/122]
[-163613/60 0 -37091543/42679791 3358/61 1482/61 -762/61]
[-3650749/25143943 37091543/42679791 0 -4545/122 -3663/122 1347/122]
[4311/122 -3358/61 4545/122 0 0 0]
[1161/122 -1482/61 3663/122 0 0 0]
[-837/122 762/61 -1347/122 0 0 0],

[0 1007744/375 -79647233/22875 -9488/305 -1296/305 432/61]
[-1007744/375 0 -31053695/16062227 2976/61 5344/305 -480/61]
[79647233/22875 31053695/16062227 0 -1488/305 -144/305 4144/305]
[9488/305 -2976/61 1488/305 0 0 0]
[1296/305 -5344/305 144/305 0 0 0]
[-432/61 480/61 -4144/305 0 0 0]
]


 equivariant splitting:
[1 0 0]
[0 1 0]
[0 0 1]
[0 0 0]
[0 -5790058630988325600073/87701768971714930176 -1662399956856875125841/3399293370996702720]
[0 -1662399956856875125841/3399293370996702720 -71389880766393679419803/105378094500897784320]
 Computing Hodge filtration for correspondence 1.
 eta =  (119489716/2319525  49367398/2319525      5083559/3050).
 beta_fil  =  (12073/305  7107/305 6594/1525).
 gamma_fil =  (14914141/30000*x^2 + 77839651/120000*x + 8730438277/160000   -80892841/40000*x + 586093/120000   -27831193/160000   0).

 Computing Frobenius structure for correspondence 1.

 Starting quadratic Chabauty computation for the affine patch 
 y^4 + (-2*x + 2)*y^3 + (-x^2 - 2*x - 1)*y^2 + (2*x^3 - 2*x^2 + 2*x - 2)*y + 2*x^3 + 2*x^2 + 2*x = 0
 at the prime p = 17

 Computing a symplectic basis of H^1
 Computed Coleman data at p=17 to precision 15.

 Good affine rational points: [
[ 4, 7 ],
[ 4, -4 ],
[ 0, 1 ],
[ 0, 0 ],
[ 0, -1 ],
[ 0, -2 ],
[ 1/4, 1 ],
[ 1/4, -7/4 ]
]

 Bad affine rational points: []

 Using the base point [ 4, 7 ].

 Computing correspondences
Hecke operator at 17 acting on H^1:
[795/488 -171/488 -81/488 0 189679/3600 145768051/1756800]
[-181/366 187/122 -27/122 -189679/3600 0 -340189547/1317600]
[-1267/488 -1197/488 409/488 -145768051/1756800 340189547/1317600 0]
[0 0 0 795/488 -181/366 -1267/488]
[0 0 0 -171/488 187/122 -1197/488]
[0 0 0 -81/488 -27/122 409/488]

 Error in qc computation at p = 17:
 Runtime error: Powers of Hecke operator don't suffice to generate the space of nice correspondences 

 Find a good second affine patch

 Error at p = 19: Runtime error: No good second affine patch found. Try a larger prime.

 Find a good second affine patch

Smallest transformation found has max coeff size  128000

Smallest transformation found has max coeff size  6750

 Starting quadratic Chabauty computation for the affine patch 
 y^4 + (-2*x + 2)*y^3 + (-x^2 - 2*x - 1)*y^2 + (2*x^3 - 2*x^2 + 2*x - 2)*y + 2*x^3 + 2*x^2 + 2*x = 0
 at the prime p = 23

 Computing a symplectic basis of H^1
 Computed Coleman data at p=23 to precision 15.

 Good affine rational points: [
[ 4, 7 ],
[ 4, -4 ],
[ 0, 1 ],
[ 0, 0 ],
[ 0, -1 ],
[ 0, -2 ],
[ 1/4, 1 ],
[ 1/4, -7/4 ]
]

 Bad affine rational points: []

 Using the base point [ 4, 7 ].

 Computing correspondences
Hecke operator at 23 acting on H^1:
[321/122 279/122 -99/122 0 104731/300 -154785661/146400]
[-1498/183 -434/61 154/61 -104731/300 0 585189529/329400]
[1391/122 1209/122 -429/122 154785661/146400 -585189529/329400 0]
[0 0 0 321/122 -1498/183 1391/122]
[0 0 0 279/122 -434/61 1209/122]
[0 0 0 -99/122 154/61 -429/122]

 Error in qc computation at p = 23:
 Runtime error: Powers of Hecke operator don't suffice to generate the space of nice correspondences 

 Find a good second affine patch

Smallest transformation found has max coeff size  2
 Using point [ 0, 1 ] at correspondence 1 to generate.
 Using point [ 0, 1 ] at correspondence 1 to fit the height pairing.
 Using point [ 0, 0 ] at correspondence 1 to fit the height pairing.

 Starting quadratic Chabauty computation for the affine patch 
 y^4 + (-2*x + 2)*y^3 + (-x^2 - 2*x - 1)*y^2 + (2*x^3 - 2*x^2 + 2*x - 2)*y + 2*x^3 + 2*x^2 + 2*x = 0
 at the prime p = 29

 Computing a symplectic basis of H^1
 Computing Hodge filtration for correspondence 2.
 eta =  (  100966477/1391715 1006638821/69585750    281482337/183000).
 beta_fil  =  (48998519/91500 11129683/30500  3223421/30500).
 gamma_fil =  (121916971/18000*x^2 + 636901141/72000*x + 71467512643/96000   -658997503/24000*x - 26025509/72000   -228923983/96000   0).

 Computing Frobenius structure for correspondence 2.
 Computed Coleman data at p=29 to precision 15.

 Good affine rational points: [
[ 4, 7 ],
[ 4, -4 ],
[ 0, 1 ],
[ 0, 0 ],
[ 0, -1 ],
[ 0, -2 ],
[ 1/4, 1 ],
[ 1/4, -7/4 ]
]

 Bad affine rational points: []

 Using the base point [ 4, 7 ].

 Computing correspondences
Hecke operator at 29 acting on H^1:
[6543/488 1377/488 -1197/488 0 3461939/3600 -2986015609/1756800]
[-2299/122 -801/122 481/122 -3461939/3600 0 2980568497/1317600]
[4793/488 3687/488 -1387/488 2986015609/1756800 -2980568497/1317600 0]
[0 0 0 6543/488 -2299/122 4793/488]
[0 0 0 1377/488 -801/122 3687/488]
[0 0 0 -1197/488 481/122 -1387/488]

 Nice correspondences:
[
[0 3461939/600 -2986015609/292800 -17677/244 -4131/244 3591/244]
[-3461939/600 0 2980568497/219600 6897/61 2891/61 -1443/61]
[2986015609/292800 -2980568497/219600 0 -14379/244 -11061/244 6113/244]
[17677/244 -6897/61 14379/244 0 0 0]
[4131/244 -2891/61 11061/244 0 0 0]
[-3591/244 1443/61 -6113/244 0 0 0],

[0 9769063/300 -3785510453/146400 -41849/122 -567/122 10827/122]
[-9769063/300 0 858293789/109800 33018/61 9374/61 -3342/61]
[3785510453/146400 -858293789/109800 0 28257/122 31743/122 23101/122]
[41849/122 -33018/61 -28257/122 0 0 0]
[567/122 -9374/61 -31743/122 0 0 0]
[-10827/122 3342/61 -23101/122 0 0 0]
]


 equivariant splitting:
[            1             0             0]
[            0             1             0]
[            0             0             1]
[            0             0             0]
[            0   185317/8100 -2962429/8100]
[            0 -2962429/8100 8819617/32400]
 Computing Hodge filtration for correspondence 1.
 eta =  (6825791701/329400 4561091477/658800 1013514833/292800).
 beta_fil  =  (57691079/146400  12835363/48800   3539933/48800).
 gamma_fil =  (3584833351/720000*x^2 + 18724755961/2880000*x + 2100983594047/3840000   -19387079851/960000*x - 629538377/2880000   -6725022523/3840000   0).

 Computing Frobenius structure for correspondence 1.
 Using point [ 0, 1 ] at correspondence 2 to generate.
 Using point [ 0, 1 ] at correspondence 2 to fit the height pairing.
vals [ -2, 0, 0 ]
i0_threshold -2
i0 169
 The quadratic Chabauty function for correspondence 1 is correct to precision 13^7.
lower bounds
precf 100
root finding bound
i 100

 Error in qc computation at p = 13:
 
QCModQuarticNoCheck(
Q: y^4 + (-2*x + 2)*y^3 + (-x^2 - 2*x - 1)*y^2 + (2*x^3 - 2*x^2...
)
QCModAffine(
Q: y^4 + (-2*x + 2)*y^3 + (-x^2 - 2*x - 1)*y^2 + (2*x^3 - 2*x^2...,
p: 13
)
valF(
i: 100
)
In file "qc_modular.m", line 613, column 7:
>>       assert i ge i0;^M
         ^
Runtime error in assert: Assertion failed 

 Find a good second affine patch

Smallest transformation found has max coeff size  2

Total time: 150.409 seconds, Total memory usage: 86.56MB
Loading "qc_modular.m"
Loading "coleman.m"
Loading "auxpolys.m"
Loading "coho.m"
Loading "froblift.m"
Loading "reductions.m"
Loading "singleintegrals.m"
Loading "misc.m"
Loading "applications.m"
Loading "symplectic_basis.m"
Loading "hecke_correspondence.m"
Loading "hodge.m"
Loading "frobenius.m"
Loading "heights.m"
Loading "second_patch_quartic.m"

 Find a good second affine patch

Smallest transformation found has max coeff size  2

 Starting quadratic Chabauty computation for the affine patch 
 y^4 + (-2*x + 2)*y^3 + (-x^2 - 2*x - 1)*y^2 + (2*x^3 - 2*x^2 + 2*x - 2)*y + 2*x^3 + 2*x^2 + 2*x = 0
 at the prime p = 17

 Computing a symplectic basis of H^1

[Interrupted]

Total time: 19.029 seconds, Total memory usage: 32.09MB
 Using point [ 0, 1 ] at correspondence 1 to generate.
 Using point [ 0, 1 ] at correspondence 1 to fit the height pairing.
 Using point [ 0, 0 ] at correspondence 1 to fit the height pairing.
Loading "qc_modular.m"
Loading "coleman.m"
Loading "auxpolys.m"
Loading "coho.m"
Loading "froblift.m"
Loading "reductions.m"
Loading "singleintegrals.m"
Loading "misc.m"
Loading "applications.m"
Loading "symplectic_basis.m"
Loading "hecke_correspondence.m"
Loading "hodge.m"
Loading "frobenius.m"
Loading "heights.m"
Loading "second_patch_quartic.m"

 Find a good second affine patch

Smallest transformation found has max coeff size  2
 Computing Hodge filtration for correspondence 2.
 eta =  (30005863397/164700  6449501989/329400  2589102241/146400).
 beta_fil  =  (806897143/73200 184087571/24400  53848621/24400).
 gamma_fil =  (50203985447/360000*x^2 + 262276302617/1440000*x + 29430805539359/1920000   -271337511947/480000*x - 11124139369/1440000   -94286923931/1920000   0).

 Computing Frobenius structure for correspondence 2.

 Starting quadratic Chabauty computation for the affine patch 
 y^4 + (-2*x + 2)*y^3 + (-x^2 - 2*x - 1)*y^2 + (2*x^3 - 2*x^2 + 2*x - 2)*y + 2*x^3 + 2*x^2 + 2*x = 0
 at the prime p = 13

 Computing a symplectic basis of H^1
 Computed Coleman data at p=13 to precision 15.

 Good affine rational points: [
[ 4, 7 ],
[ 4, -4 ],
[ 0, 1 ],
[ 0, 0 ],
[ 0, -1 ],
[ 0, -2 ],
[ 1/4, 1 ],
[ 1/4, -7/4 ]
]

 Bad affine rational points: []

 Using the base point [ 4, 7 ].

 Computing correspondences
Hecke operator at 13 acting on H^1:
[1925/244 387/244 -279/244 0 163613/360 -25489739/25173223]
[-1679/183 -125/61 127/61 -163613/360 0 9191956/42691991]
[1515/244 1221/244 39/244 25489739/25173223 -9191956/42691991 0]
[0 0 0 1925/244 -1679/183 1515/244]
[0 0 0 387/244 -125/61 1221/244]
[0 0 0 -279/244 127/61 39/244]

 Nice correspondences:
[
[0 163613/60 3650749/25143943 -4311/122 -1161/122 837/122]
[-163613/60 0 -37091543/42679791 3358/61 1482/61 -762/61]
[-3650749/25143943 37091543/42679791 0 -4545/122 -3663/122 1347/122]
[4311/122 -3358/61 4545/122 0 0 0]
[1161/122 -1482/61 3663/122 0 0 0]
[-837/122 762/61 -1347/122 0 0 0],

[0 1007744/375 -79647233/22875 -9488/305 -1296/305 432/61]
[-1007744/375 0 -31053695/16062227 2976/61 5344/305 -480/61]
[79647233/22875 31053695/16062227 0 -1488/305 -144/305 4144/305]
[9488/305 -2976/61 1488/305 0 0 0]
[1296/305 -5344/305 144/305 0 0 0]
[-432/61 480/61 -4144/305 0 0 0]
]


 equivariant splitting:
[1 0 0]
[0 1 0]
[0 0 1]
[0 0 0]
[0 -5790058630988325600073/87701768971714930176 -1662399956856875125841/3399293370996702720]
[0 -1662399956856875125841/3399293370996702720 -71389880766393679419803/105378094500897784320]
 Computing Hodge filtration for correspondence 1.
 eta =  (119489716/2319525  49367398/2319525      5083559/3050).
 beta_fil  =  (12073/305  7107/305 6594/1525).
 gamma_fil =  (14914141/30000*x^2 + 77839651/120000*x + 8730438277/160000   -80892841/40000*x + 586093/120000   -27831193/160000   0).

 Computing Frobenius structure for correspondence 1.
 Using point [ 0, 1 ] at correspondence 2 to generate.
 Using point [ 0, 1 ] at correspondence 2 to fit the height pairing.
vals [ 0, 0, 0 ]
i0_threshold 0
i0 1
 The quadratic Chabauty function for correspondence 1 is correct to precision 29^8.
lower bounds
i 1
i 2
i 3
i 4
i 5
i 6
i 7
i 8
i 9
i 10
i 11
i 12
i 13
i 14
i 15
i 16
i 17
i 18
i 19
i 20
i 21
i 22
i 23
i 24
i 25
i 26
i 27
i 28
i 29
i 30
i 31
i 32
i 33
i 34
i 35
i 36
i 37
i 38
i 39
i 40
i 41
i 42
i 43
i 44
i 45
i 46
i 47
i 48
i 49
i 50
i 51
i 52
i 53
i 54
i 55
i 56
i 57
i 58
i 59
i 60
i 61
i 62
i 63
i 64
i 65
i 66
i 67
i 68
i 69
i 70
i 71
i 72
i 73
i 74
i 75
i 76
i 77
i 78
i 79
i 80
i 81
i 82
i 83
i 84
i 85
i 86
i 87
i 88
i 89
i 90
i 91
i 92
i 93
i 94
i 95
i 96
i 97
i 98
i 99
precf 100
root finding bound
i 100
i 100
i 100
lower bounds
i 1
i 2
i 3
i 4
i 5
i 6
i 7
i 8
i 9
i 10
i 11
i 12
i 13
i 14
i 15
i 16
i 17
i 18
i 19
i 20
i 21
i 22
i 23
i 24
i 25
i 26
i 27
i 28
i 29
i 30
i 31
i 32
i 33
i 34
i 35
i 36
i 37
i 38
i 39
i 40
i 41
i 42
i 43
i 44
i 45
i 46
i 47
i 48
i 49
i 50
i 51
i 52
i 53
i 54
i 55
i 56
i 57
i 58
i 59
i 60
i 61
i 62
i 63
i 64
i 65
i 66
i 67
i 68
i 69
i 70
i 71
i 72
i 73
i 74
i 75
i 76
i 77
i 78
i 79
i 80
i 81
i 82
i 83
i 84
i 85
i 86
i 87
i 88
i 89
i 90
i 91
i 92
i 93
i 94
i 95
i 96
i 97
i 98
i 99
precf 100
root finding bound
i 100
i 100
i 100
lower bounds
i 1
i 2
i 3
i 4
i 5
i 6
i 7
i 8
i 9
i 10
i 11
i 12
i 13
i 14
i 15
i 16
i 17
i 18
i 19
i 20
i 21
i 22
i 23
i 24
i 25
i 26
i 27
i 28
i 29
i 30
i 31
i 32
i 33
i 34
i 35
i 36
i 37
i 38
i 39
i 40
i 41
i 42
i 43
i 44
i 45
i 46
i 47
i 48
i 49
i 50
i 51
i 52
i 53
i 54
i 55
i 56
i 57
i 58
i 59
i 60
i 61
i 62
i 63
i 64
i 65
i 66
i 67
i 68
i 69
i 70
i 71
i 72
i 73
i 74
i 75
i 76
i 77
i 78
i 79
i 80
i 81
i 82
i 83
i 84
i 85
i 86
i 87
i 88
i 89
i 90
i 91
i 92
i 93
i 94
i 95
i 96
i 97
i 98
i 99
precf 100
root finding bound
i 100
i 100
i 100
lower bounds
i 1
i 2
i 3
i 4
i 5
i 6
i 7
i 8
i 9
i 10
i 11
i 12
i 13
i 14
i 15
i 16
i 17
i 18
i 19
i 20
i 21
i 22
i 23
i 24
i 25
i 26
i 27
i 28
i 29
i 30
i 31
i 32
i 33
i 34
i 35
i 36
i 37
i 38
i 39
i 40
i 41
i 42
i 43
i 44
i 45
i 46
i 47
i 48
i 49
i 50
i 51
i 52
i 53
i 54
i 55
i 56
i 57
i 58
i 59
i 60
i 61
i 62
i 63
i 64
i 65
i 66
i 67
i 68
i 69
i 70
i 71
i 72
i 73
i 74
i 75
i 76
i 77
i 78
i 79
i 80
i 81
i 82
i 83
i 84
i 85
i 86
i 87
i 88
i 89
i 90
i 91
i 92
i 93
i 94
i 95
i 96
i 97
i 98
i 99
precf 100
root finding bound
i 100
i 100
i 100
lower bounds
i 1
i 2
i 3
i 4
i 5
i 6
i 7
i 8
i 9
i 10
i 11
i 12
i 13
i 14
i 15
i 16
i 17
i 18
i 19
i 20
i 21
i 22
i 23
i 24
i 25
i 26
i 27
i 28
i 29
i 30
i 31
i 32
i 33
i 34
i 35
i 36
i 37
i 38
i 39
i 40
i 41
i 42
i 43
i 44
i 45
i 46
i 47
i 48
i 49
i 50
i 51
i 52
i 53
i 54
i 55
i 56
i 57
i 58
i 59
i 60
i 61
i 62
i 63
i 64
i 65
i 66
i 67
i 68
i 69
i 70
i 71
i 72
i 73
i 74
i 75
i 76
i 77
i 78
i 79
i 80
i 81
i 82
i 83
i 84
i 85
i 86
i 87
i 88
i 89
i 90
i 91
i 92
i 93
i 94
i 95
i 96
i 97
i 98
i 99
precf 100
root finding bound
i 100
i 100
i 100
lower bounds
i 1
i 2
i 3
i 4
i 5
i 6
i 7
i 8
i 9
i 10
i 11
i 12
i 13
i 14
i 15
i 16
i 17
i 18
i 19
i 20
i 21
i 22
i 23
i 24
i 25
i 26
i 27
i 28
i 29
i 30
i 31
i 32
i 33
i 34
i 35
i 36
i 37
i 38
i 39
i 40
i 41
i 42
i 43
i 44
i 45
i 46
i 47
i 48
i 49
i 50
i 51
i 52
i 53
i 54
i 55
i 56
i 57
i 58
i 59
i 60
i 61
i 62
i 63
i 64
i 65
i 66
i 67
i 68
i 69
i 70
i 71
i 72
i 73
i 74
i 75
i 76
i 77
i 78
i 79
i 80
i 81
i 82
i 83
i 84
i 85
i 86
i 87
i 88
i 89
i 90
i 91
i 92
i 93
i 94
i 95
i 96
i 97
i 98
i 99
precf 100
root finding bound
i 100
lower bounds
i 1
i 2
i 3
i 4
i 5
i 6
i 7
i 8
i 9
i 10
i 11
i 12
i 13
i 14
i 15
i 16
i 17
i 18
i 19
i 20
i 21
i 22
i 23
i 24
i 25
i 26
i 27
i 28
i 29
i 30
i 31
i 32
i 33
i 34
i 35
i 36
i 37
i 38
i 39
i 40
i 41
i 42
i 43
i 44
i 45
i 46
i 47
i 48
i 49
i 50
i 51
i 52
i 53
i 54
i 55
i 56
i 57
i 58
i 59
i 60
i 61
i 62
i 63
i 64
i 65
i 66
i 67
i 68
i 69
i 70
i 71
i 72
i 73
i 74
i 75
i 76
i 77
i 78
i 79
i 80
i 81
i 82
i 83
i 84
i 85
i 86
i 87
i 88
i 89
i 90
i 91
i 92
i 93
i 94
i 95
i 96
i 97
i 98
i 99
precf 100
root finding bound
i 100
lower bounds
i 1
i 2
i 3
i 4
i 5
i 6
i 7
i 8
i 9
i 10
i 11
i 12
i 13
i 14
i 15
i 16
i 17
i 18
i 19
i 20
i 21
i 22
i 23
i 24
i 25
i 26
i 27
i 28
i 29
i 30
i 31
i 32
i 33
i 34
i 35
i 36
i 37
i 38
i 39
i 40
i 41
i 42
i 43
i 44
i 45
i 46
i 47
i 48
i 49
i 50
i 51
i 52
i 53
i 54
i 55
i 56
i 57
i 58
i 59
i 60
i 61
i 62
i 63
i 64
i 65
i 66
i 67
i 68
i 69
i 70
i 71
i 72
i 73
i 74
i 75
i 76
i 77
i 78
i 79
i 80
i 81
i 82
i 83
i 84
i 85
i 86
i 87
i 88
i 89
i 90
i 91
i 92
i 93
i 94
i 95
i 96
i 97
i 98
i 99
precf 100
root finding bound
i 100
i 100
i 100
lower bounds
i 1
i 2
i 3
i 4
i 5
i 6
i 7
i 8
i 9
i 10
i 11
i 12
i 13
i 14
i 15
i 16
i 17
i 18
i 19
i 20
i 21
i 22
i 23
i 24
i 25
i 26
i 27
i 28
i 29
i 30
i 31
i 32
i 33
i 34
i 35
i 36
i 37
i 38
i 39
i 40
i 41
i 42
i 43
i 44
i 45
i 46
i 47
i 48
i 49
i 50
i 51
i 52
i 53
i 54
i 55
i 56
i 57
i 58
i 59
i 60
i 61
i 62
i 63
i 64
i 65
i 66
i 67
i 68
i 69
i 70
i 71
i 72
i 73
i 74
i 75
i 76
i 77
i 78
i 79
i 80
i 81
i 82
i 83
i 84
i 85
i 86
i 87
i 88
i 89
i 90
i 91
i 92
i 93
i 94
i 95
i 96
i 97
i 98
i 99
precf 100
root finding bound
i 100
i 100
i 100
lower bounds
i 1
i 2
i 3
i 4
i 5
i 6
i 7
i 8
i 9
i 10
i 11
i 12
i 13
i 14
i 15
i 16
i 17
i 18
i 19
i 20
i 21
i 22
i 23
i 24
i 25
i 26
i 27
i 28
i 29
i 30
i 31
i 32
i 33
i 34
i 35
i 36
i 37
i 38
i 39
i 40
i 41
i 42
i 43
i 44
i 45
i 46
i 47
i 48
i 49
i 50
i 51
i 52
i 53
i 54
i 55
i 56
i 57
i 58
i 59
i 60
i 61
i 62
i 63
i 64
i 65
i 66
i 67
i 68
i 69
i 70
i 71
i 72
i 73
i 74
i 75
i 76
i 77
i 78
i 79
i 80
i 81
i 82
i 83
i 84
i 85
i 86
i 87
i 88
i 89
i 90
i 91
i 92
i 93
i 94
i 95
i 96
i 97
i 98
i 99
precf 100
root finding bound
i 100
i 100
i 100
lower bounds
i 1
i 2
i 3
i 4
i 5
i 6
i 7
i 8
i 9
i 10
i 11
i 12
i 13
i 14
i 15
i 16
i 17
i 18
i 19
i 20
i 21
i 22
i 23
i 24
i 25
i 26
i 27
i 28
i 29
i 30
i 31
i 32
i 33
i 34
i 35
i 36
i 37
i 38
i 39
i 40
i 41
i 42
i 43
i 44
i 45
i 46
i 47
i 48
i 49
i 50
i 51
i 52
i 53
i 54
i 55
i 56
i 57
i 58
i 59
i 60
i 61
i 62
i 63
i 64
i 65
i 66
i 67
i 68
i 69
i 70
i 71
i 72
i 73
i 74
i 75
i 76
i 77
i 78
i 79
i 80
i 81
i 82
i 83
i 84
i 85
i 86
i 87
i 88
i 89
i 90
i 91
i 92
i 93
i 94
i 95
i 96
i 97
i 98
i 99
precf 100
root finding bound
i 100
lower bounds
i 1
i 2
i 3
i 4
i 5
i 6
i 7
i 8
i 9
i 10
i 11
i 12
i 13
i 14
i 15
i 16
i 17
i 18
i 19
i 20
i 21
i 22
i 23
i 24
i 25
i 26
i 27
i 28
i 29
i 30
i 31
i 32
i 33
i 34
i 35
i 36
i 37
i 38
i 39
i 40
i 41
i 42
i 43
i 44
i 45
i 46
i 47
i 48
i 49
i 50
i 51
i 52
i 53
i 54
i 55
i 56
i 57
i 58
i 59
i 60
i 61
i 62
i 63
i 64
i 65
i 66
i 67
i 68
i 69
i 70
i 71
i 72
i 73
i 74
i 75
i 76
i 77
i 78
i 79
i 80
i 81
i 82
i 83
i 84
i 85
i 86
i 87
i 88
i 89
i 90
i 91
i 92
i 93
i 94
i 95
i 96
i 97
i 98
i 99
precf 100
root finding bound
i 100
lower bounds
i 1
i 2
i 3
i 4
i 5
i 6
i 7
i 8
i 9
i 10
i 11
i 12
i 13
i 14
i 15
i 16
i 17
i 18
i 19
i 20
i 21
i 22
i 23
i 24
i 25
i 26
i 27
i 28
i 29
i 30
i 31
i 32
i 33
i 34
i 35
i 36
i 37
i 38
i 39
i 40
i 41
i 42
i 43
i 44
i 45
i 46
i 47
i 48
i 49
i 50
i 51
i 52
i 53
i 54
i 55
i 56
i 57
i 58
i 59
i 60
i 61
i 62
i 63
i 64
i 65
i 66
i 67
i 68
i 69
i 70
i 71
i 72
i 73
i 74
i 75
i 76
i 77
i 78
i 79
i 80
i 81
i 82
i 83
i 84
i 85
i 86
i 87
i 88
i 89
i 90
i 91
i 92
i 93
i 94
i 95
i 96
i 97
i 98
i 99
precf 100
root finding bound
i 100
lower bounds
i 1
i 2
i 3
i 4
i 5
i 6
i 7
i 8
i 9
i 10
i 11
i 12
i 13
i 14
i 15
i 16
i 17
i 18
i 19
i 20
i 21
i 22
i 23
i 24
i 25
i 26
i 27
i 28
i 29
i 30
i 31
i 32
i 33
i 34
i 35
i 36
i 37
i 38
i 39
i 40
i 41
i 42
i 43
i 44
i 45
i 46
i 47
i 48
i 49
i 50
i 51
i 52
i 53
i 54
i 55
i 56
i 57
i 58
i 59
i 60
i 61
i 62
i 63
i 64
i 65
i 66
i 67
i 68
i 69
i 70
i 71
i 72
i 73
i 74
i 75
i 76
i 77
i 78
i 79
i 80
i 81
i 82
i 83
i 84
i 85
i 86
i 87
i 88
i 89
i 90
i 91
i 92
i 93
i 94
i 95
i 96
i 97
i 98
i 99
precf 100
root finding bound
i 100
lower bounds
i 1
i 2
i 3
i 4
i 5
i 6
i 7
i 8
i 9
i 10
i 11
i 12
i 13
i 14
i 15
i 16
i 17
i 18
i 19
i 20
i 21
i 22
i 23
i 24
i 25
i 26
i 27
i 28
i 29
i 30
i 31
i 32
i 33
i 34
i 35
i 36
i 37
i 38
i 39
i 40
i 41
i 42
i 43
i 44
i 45
i 46
i 47
i 48
i 49
i 50
i 51
i 52
i 53
i 54
i 55
i 56
i 57
i 58
i 59
i 60
i 61
i 62
i 63
i 64
i 65
i 66
i 67
i 68
i 69
i 70
i 71
i 72
i 73
i 74
i 75
i 76
i 77
i 78
i 79
i 80
i 81
i 82
i 83
i 84
i 85
i 86
i 87
i 88
i 89
i 90
i 91
i 92
i 93
i 94
i 95
i 96
i 97
i 98
i 99
precf 100
root finding bound
i 100
lower bounds
i 1
i 2
i 3
i 4
i 5
i 6
i 7
i 8
i 9
i 10
i 11
i 12
i 13
i 14
i 15
i 16
i 17
i 18
i 19
i 20
i 21
i 22
i 23
i 24
i 25
i 26
i 27
i 28
i 29
i 30
i 31
i 32
i 33
i 34
i 35
i 36
i 37
i 38
i 39
i 40
i 41
i 42
i 43
i 44
i 45
i 46
i 47
i 48
i 49
i 50
i 51
i 52
i 53
i 54
i 55
i 56
i 57
i 58
i 59
i 60
i 61
i 62
i 63
i 64
i 65
i 66
i 67
i 68
i 69
i 70
i 71
i 72
i 73
i 74
i 75
i 76
i 77
i 78
i 79
i 80
i 81
i 82
i 83
i 84
i 85
i 86
i 87
i 88
i 89
i 90
i 91
i 92
i 93
i 94
i 95
i 96
i 97
i 98
i 99
precf 100
root finding bound
i 100
lower bounds
i 1
i 2
i 3
i 4
i 5
i 6
i 7
i 8
i 9
i 10
i 11
i 12
i 13
i 14
i 15
i 16
i 17
i 18
i 19
i 20
i 21
i 22
i 23
i 24
i 25
i 26
i 27
i 28
i 29
i 30
i 31
i 32
i 33
i 34
i 35
i 36
i 37
i 38
i 39
i 40
i 41
i 42
i 43
i 44
i 45
i 46
i 47
i 48
i 49
i 50
i 51
i 52
i 53
i 54
i 55
i 56
i 57
i 58
i 59
i 60
i 61
i 62
i 63
i 64
i 65
i 66
i 67
i 68
i 69
i 70
i 71
i 72
i 73
i 74
i 75
i 76
i 77
i 78
i 79
i 80
i 81
i 82
i 83
i 84
i 85
i 86
i 87
i 88
i 89
i 90
i 91
i 92
i 93
i 94
i 95
i 96
i 97
i 98
i 99
precf 100
root finding bound
i 100
lower bounds
i 1
i 2
i 3
i 4
i 5
i 6
i 7
i 8
i 9
i 10
i 11
i 12
i 13
i 14
i 15
i 16
i 17
i 18
i 19
i 20
i 21
i 22
i 23
i 24
i 25
i 26
i 27
i 28
i 29
i 30
i 31
i 32
i 33
i 34
i 35
i 36
i 37
i 38
i 39
i 40
i 41
i 42
i 43
i 44
i 45
i 46
i 47
i 48
i 49
i 50
i 51
i 52
i 53
i 54
i 55
i 56
i 57
i 58
i 59
i 60
i 61
i 62
i 63
i 64
i 65
i 66
i 67
i 68
i 69
i 70
i 71
i 72
i 73
i 74
i 75
i 76
i 77
i 78
i 79
i 80
i 81
i 82
i 83
i 84
i 85
i 86
i 87
i 88
i 89
i 90
i 91
i 92
i 93
i 94
i 95
i 96
i 97
i 98
i 99
precf 100
root finding bound
i 100
lower bounds
i 1
i 2
i 3
i 4
i 5
i 6
i 7
i 8
i 9
i 10
i 11
i 12
i 13
i 14
i 15
i 16
i 17
i 18
i 19
i 20
i 21
i 22
i 23
i 24
i 25
i 26
i 27
i 28
i 29
i 30
i 31
i 32
i 33
i 34
i 35
i 36
i 37
i 38
i 39
i 40
i 41
i 42
i 43
i 44
i 45
i 46
i 47
i 48
i 49
i 50
i 51
i 52
i 53
i 54
i 55
i 56
i 57
i 58
i 59
i 60
i 61
i 62
i 63
i 64
i 65
i 66
i 67
i 68
i 69
i 70
i 71
i 72
i 73
i 74
i 75
i 76
i 77
i 78
i 79
i 80
i 81
i 82
i 83
i 84
i 85
i 86
i 87
i 88
i 89
i 90
i 91
i 92
i 93
i 94
i 95
i 96
i 97
i 98
i 99
precf 100
root finding bound
i 100
lower bounds
i 1
i 2
i 3
i 4
i 5
i 6
i 7
i 8
i 9
i 10
i 11
i 12
i 13
i 14
i 15
i 16
i 17
i 18
i 19
i 20
i 21
i 22
i 23
i 24
i 25
i 26
i 27
i 28
i 29
i 30
i 31
i 32
i 33
i 34
i 35
i 36
i 37
i 38
i 39
i 40
i 41
i 42
i 43
i 44
i 45
i 46
i 47
i 48
i 49
i 50
i 51
i 52
i 53
i 54
i 55
i 56
i 57
i 58
i 59
i 60
i 61
i 62
i 63
i 64
i 65
i 66
i 67
i 68
i 69
i 70
i 71
i 72
i 73
i 74
i 75
i 76
i 77
i 78
i 79
i 80
i 81
i 82
i 83
i 84
i 85
i 86
i 87
i 88
i 89
i 90
i 91
i 92
i 93
i 94
i 95
i 96
i 97
i 98
i 99
precf 100
root finding bound
i 100
lower bounds
i 1
i 2
i 3
i 4
i 5
i 6
i 7
i 8
i 9
i 10
i 11
i 12
i 13
i 14
i 15
i 16
i 17
i 18
i 19
i 20
i 21
i 22
i 23
i 24
i 25
i 26
i 27
i 28
i 29
i 30
i 31
i 32
i 33
i 34
i 35
i 36
i 37
i 38
i 39
i 40
i 41
i 42
i 43
i 44
i 45
i 46
i 47
i 48
i 49
i 50
i 51
i 52
i 53
i 54
i 55
i 56
i 57
i 58
i 59
i 60
i 61
i 62
i 63
i 64
i 65
i 66
i 67
i 68
i 69
i 70
i 71
i 72
i 73
i 74
i 75
i 76
i 77
i 78
i 79
i 80
i 81
i 82
i 83
i 84
i 85
i 86
i 87
i 88
i 89
i 90
i 91
i 92
i 93
i 94
i 95
i 96
i 97
i 98
i 99
precf 100
root finding bound
i 100
lower bounds
i 1
i 2
i 3
i 4
i 5
i 6
i 7
i 8
i 9
i 10
i 11
i 12
i 13
i 14
i 15
i 16
i 17
i 18
i 19
i 20
i 21
i 22
i 23
i 24
i 25
i 26
i 27
i 28
i 29
i 30
i 31
i 32
i 33
i 34
i 35
i 36
i 37
i 38
i 39
i 40
i 41
i 42
i 43
i 44
i 45
i 46
i 47
i 48
i 49
i 50
i 51
i 52
i 53
i 54
i 55
i 56
i 57
i 58
i 59
i 60
i 61
i 62
i 63
i 64
i 65
i 66
i 67
i 68
i 69
i 70
i 71
i 72
i 73
i 74
i 75
i 76
i 77
i 78
i 79
i 80
i 81
i 82
i 83
i 84
i 85
i 86
i 87
i 88
i 89
i 90
i 91
i 92
i 93
i 94
i 95
i 96
i 97
i 98
i 99
precf 100
root finding bound
i 100
lower bounds
i 1
i 2
i 3
i 4
i 5
i 6
i 7
i 8
i 9
i 10
i 11
i 12
i 13
i 14
i 15
i 16
i 17
i 18
i 19
i 20
i 21
i 22
i 23
i 24
i 25
i 26
i 27
i 28
i 29
i 30
i 31
i 32
i 33
i 34
i 35
i 36
i 37
i 38
i 39
i 40
i 41
i 42
i 43
i 44
i 45
i 46
i 47
i 48
i 49
i 50
i 51
i 52
i 53
i 54
i 55
i 56
i 57
i 58
i 59
i 60
i 61
i 62
i 63
i 64
i 65
i 66
i 67
i 68
i 69
i 70
i 71
i 72
i 73
i 74
i 75
i 76
i 77
i 78
i 79
i 80
i 81
i 82
i 83
i 84
i 85
i 86
i 87
i 88
i 89
i 90
i 91
i 92
i 93
i 94
i 95
i 96
i 97
i 98
i 99
precf 100
root finding bound
i 100
lower bounds
i 1
i 2
i 3
i 4
i 5
i 6
i 7
i 8
i 9
i 10
i 11
i 12
i 13
i 14
i 15
i 16
i 17
i 18
i 19
i 20
i 21
i 22
i 23
i 24
i 25
i 26
i 27
i 28
i 29
i 30
i 31
i 32
i 33
i 34
i 35
i 36
i 37
i 38
i 39
i 40
i 41
i 42
i 43
i 44
i 45
i 46
i 47
i 48
i 49
i 50
i 51
i 52
i 53
i 54
i 55
i 56
i 57
i 58
i 59
i 60
i 61
i 62
i 63
i 64
i 65
i 66
i 67
i 68
i 69
i 70
i 71
i 72
i 73
i 74
i 75
i 76
i 77
i 78
i 79
i 80
i 81
i 82
i 83
i 84
i 85
i 86
i 87
i 88
i 89
i 90
i 91
i 92
i 93
i 94
i 95
i 96
i 97
i 98
i 99
precf 100
root finding bound
i 100
lower bounds
i 1
i 2
i 3
i 4
i 5
i 6
i 7
i 8
i 9
i 10
i 11
i 12
i 13
i 14
i 15
i 16
i 17
i 18
i 19
i 20
i 21
i 22
i 23
i 24
i 25
i 26
i 27
i 28
i 29
i 30
i 31
i 32
i 33
i 34
i 35
i 36
i 37
i 38
i 39
i 40
i 41
i 42
i 43
i 44
i 45
i 46
i 47
i 48
i 49
i 50
i 51
i 52
i 53
i 54
i 55
i 56
i 57
i 58
i 59
i 60
i 61
i 62
i 63
i 64
i 65
i 66
i 67
i 68
i 69
i 70
i 71
i 72
i 73
i 74
i 75
i 76
i 77
i 78
i 79
i 80
i 81
i 82
i 83
i 84
i 85
i 86
i 87
i 88
i 89
i 90
i 91
i 92
i 93
i 94
i 95
i 96
i 97
i 98
i 99
precf 100
root finding bound
i 100
i 100
i 100
lower bounds
i 1
i 2
i 3
i 4
i 5
i 6
i 7
i 8
i 9
i 10
i 11
i 12
i 13
i 14
i 15
i 16
i 17
i 18
i 19
i 20
i 21
i 22
i 23
i 24
i 25
i 26
i 27
i 28
i 29
i 30
i 31
i 32
i 33
i 34
i 35
i 36
i 37
i 38
i 39
i 40
i 41
i 42
i 43
i 44
i 45
i 46
i 47
i 48
i 49
i 50
i 51
i 52
i 53
i 54
i 55
i 56
i 57
i 58
i 59
i 60
i 61
i 62
i 63
i 64
i 65
i 66
i 67
i 68
i 69
i 70
i 71
i 72
i 73
i 74
i 75
i 76
i 77
i 78
i 79
i 80
i 81
i 82
i 83
i 84
i 85
i 86
i 87
i 88
i 89
i 90
i 91
i 92
i 93
i 94
i 95
i 96
i 97
i 98
i 99
precf 100
root finding bound
i 100
i 100
i 100
lower bounds
i 1
i 2
i 3
i 4
i 5
i 6
i 7
i 8
i 9
i 10
i 11
i 12
i 13
i 14
i 15
i 16
i 17
i 18
i 19
i 20
i 21
i 22
i 23
i 24
i 25
i 26
i 27
i 28
i 29
i 30
i 31
i 32
i 33
i 34
i 35
i 36
i 37
i 38
i 39
i 40
i 41
i 42
i 43
i 44
i 45
i 46
i 47
i 48
i 49
i 50
i 51
i 52
i 53
i 54
i 55
i 56
i 57
i 58
i 59
i 60
i 61
i 62
i 63
i 64
i 65
i 66
i 67
i 68
i 69
i 70
i 71
i 72
i 73
i 74
i 75
i 76
i 77
i 78
i 79
i 80
i 81
i 82
i 83
i 84
i 85
i 86
i 87
i 88
i 89
i 90
i 91
i 92
i 93
i 94
i 95
i 96
i 97
i 98
i 99
precf 100
root finding bound
i 100
i 100
i 100
lower bounds
i 1
i 2
i 3
i 4
i 5
i 6
i 7
i 8
i 9
i 10
i 11
i 12
i 13
i 14
i 15
i 16
i 17
i 18
i 19
i 20
i 21
i 22
i 23
i 24
i 25
i 26
i 27
i 28
i 29
i 30
i 31
i 32
i 33
i 34
i 35
i 36
i 37
i 38
i 39
i 40
i 41
i 42
i 43
i 44
i 45
i 46
i 47
i 48
i 49
i 50
i 51
i 52
i 53
i 54
i 55
i 56
i 57
i 58
i 59
i 60
i 61
i 62
i 63
i 64
i 65
i 66
i 67
i 68
i 69
i 70
i 71
i 72
i 73
i 74
i 75
i 76
i 77
i 78
i 79
i 80
i 81
i 82
i 83
i 84
i 85
i 86
i 87
i 88
i 89
i 90
i 91
i 92
i 93
i 94
i 95
i 96
i 97
i 98
i 99
precf 100
root finding bound
i 100
lower bounds
i 1
i 2
i 3
i 4
i 5
i 6
i 7
i 8
i 9
i 10
i 11
i 12
i 13
i 14
i 15
i 16
i 17
i 18
i 19
i 20
i 21
i 22
i 23
i 24
i 25
i 26
i 27
i 28
i 29
i 30
i 31
i 32
i 33
i 34
i 35
i 36
i 37
i 38
i 39
i 40
i 41
i 42
i 43
i 44
i 45
i 46
i 47
i 48
i 49
i 50
i 51
i 52
i 53
i 54
i 55
i 56
i 57
i 58
i 59
i 60
i 61
i 62
i 63
i 64
i 65
i 66
i 67
i 68
i 69
i 70
i 71
i 72
i 73
i 74
i 75
i 76
i 77
i 78
i 79
i 80
i 81
i 82
i 83
i 84
i 85
i 86
i 87
i 88
i 89
i 90
i 91
i 92
i 93
i 94
i 95
i 96
i 97
i 98
i 99
precf 100
root finding bound
i 100
lower bounds
i 1
i 2
i 3
i 4
i 5
i 6
i 7
i 8
i 9
i 10
i 11
i 12
i 13
i 14
i 15
i 16
i 17
i 18
i 19
i 20
i 21
i 22
i 23
i 24
i 25
i 26
i 27
i 28
i 29
i 30
i 31
i 32
i 33
i 34
i 35
i 36
i 37
i 38
i 39
i 40
i 41
i 42
i 43
i 44
i 45
i 46
i 47
i 48
i 49
i 50
i 51
i 52
i 53
i 54
i 55
i 56
i 57
i 58
i 59
i 60
i 61
i 62
i 63
i 64
i 65
i 66
i 67
i 68
i 69
i 70
i 71
i 72
i 73
i 74
i 75
i 76
i 77
i 78
i 79
i 80
i 81
i 82
i 83
i 84
i 85
i 86
i 87
i 88
i 89
i 90
i 91
i 92
i 93
i 94
i 95
i 96
i 97
i 98
i 99
precf 100
root finding bound
i 100
i 100
i 100
vals [ 0, 0, 0 ]
i0_threshold 0
i0 1
 The quadratic Chabauty function for correspondence 2 is correct to precision 29^8.
lower bounds
i 1
i 2
i 3
i 4
i 5
i 6
i 7
i 8
i 9
i 10
i 11
i 12
i 13
i 14
i 15
i 16
i 17
i 18
i 19
i 20
i 21
i 22
i 23
i 24
i 25
i 26
i 27
i 28
i 29
i 30
i 31
i 32
i 33
i 34
i 35
i 36
i 37
i 38
i 39
i 40
i 41
i 42
i 43
i 44
i 45
i 46
i 47
i 48
i 49
i 50
i 51
i 52
i 53
i 54
i 55
i 56
i 57
i 58
i 59
i 60
i 61
i 62
i 63
i 64
i 65
i 66
i 67
i 68
i 69
i 70
i 71
i 72
i 73
i 74
i 75
i 76
i 77
i 78
i 79
i 80
i 81
i 82
i 83
i 84
i 85
i 86
i 87
i 88
i 89
i 90
i 91
i 92
i 93
i 94
i 95
i 96
i 97
i 98
i 99
precf 100
root finding bound
i 100
i 100
i 100
lower bounds
i 1
i 2
i 3
i 4
i 5
i 6
i 7
i 8
i 9
i 10
i 11
i 12
i 13
i 14
i 15
i 16
i 17
i 18
i 19
i 20
i 21
i 22
i 23
i 24
i 25
i 26
i 27
i 28
i 29
i 30
i 31
i 32
i 33
i 34
i 35
i 36
i 37
i 38
i 39
i 40
i 41
i 42
i 43
i 44
i 45
i 46
i 47
i 48
i 49
i 50
i 51
i 52
i 53
i 54
i 55
i 56
i 57
i 58
i 59
i 60
i 61
i 62
i 63
i 64
i 65
i 66
i 67
i 68
i 69
i 70
i 71
i 72
i 73
i 74
i 75
i 76
i 77
i 78
i 79
i 80
i 81
i 82
i 83
i 84
i 85
i 86
i 87
i 88
i 89
i 90
i 91
i 92
i 93
i 94
i 95
i 96
i 97
i 98
i 99
precf 100
root finding bound
i 100
i 100
i 100
lower bounds
i 1
i 2
i 3
i 4
i 5
i 6
i 7
i 8
i 9
i 10
i 11
i 12
i 13
i 14
i 15
i 16
i 17
i 18
i 19
i 20
i 21
i 22
i 23
i 24
i 25
i 26
i 27
i 28
i 29
i 30
i 31
i 32
i 33
i 34
i 35
i 36
i 37
i 38
i 39
i 40
i 41
i 42
i 43
i 44
i 45
i 46
i 47
i 48
i 49
i 50
i 51
i 52
i 53
i 54
i 55
i 56
i 57
i 58
i 59
i 60
i 61
i 62
i 63
i 64
i 65
i 66
i 67
i 68
i 69
i 70
i 71
i 72
i 73
i 74
i 75
i 76
i 77
i 78
i 79
i 80
i 81
i 82
i 83
i 84
i 85
i 86
i 87
i 88
i 89
i 90
i 91
i 92
i 93
i 94
i 95
i 96
i 97
i 98
i 99
precf 100
root finding bound
i 100
i 100
i 100
lower bounds
i 1
i 2
i 3
i 4
i 5
i 6
i 7
i 8
i 9
i 10
i 11
i 12
i 13
i 14
i 15
i 16
i 17
i 18
i 19
i 20
i 21
i 22
i 23
i 24
i 25
i 26
i 27
i 28
i 29
i 30
i 31
i 32
i 33
i 34
i 35
i 36
i 37
i 38
i 39
i 40
i 41
i 42
i 43
i 44
i 45
i 46
i 47
i 48
i 49
i 50
i 51
i 52
i 53
i 54
i 55
i 56
i 57
i 58
i 59
i 60
i 61
i 62
i 63
i 64
i 65
i 66
i 67
i 68
i 69
i 70
i 71
i 72
i 73
i 74
i 75
i 76
i 77
i 78
i 79
i 80
i 81
i 82
i 83
i 84
i 85
i 86
i 87
i 88
i 89
i 90
i 91
i 92
i 93
i 94
i 95
i 96
i 97
i 98
i 99
precf 100
root finding bound
i 100
i 100
i 100
lower bounds
i 1
i 2
i 3
i 4
i 5
i 6
i 7
i 8
i 9
i 10
i 11
i 12
i 13
i 14
i 15
i 16
i 17
i 18
i 19
i 20
i 21
i 22
i 23
i 24
i 25
i 26
i 27
i 28
i 29
i 30
i 31
i 32
i 33
i 34
i 35
i 36
i 37
i 38
i 39
i 40
i 41
i 42
i 43
i 44
i 45
i 46
i 47
i 48
i 49
i 50
i 51
i 52
i 53
i 54
i 55
i 56
i 57
i 58
i 59
i 60
i 61
i 62
i 63
i 64
i 65
i 66
i 67
i 68
i 69
i 70
i 71
i 72
i 73
i 74
i 75
i 76
i 77
i 78
i 79
i 80
i 81
i 82
i 83
i 84
i 85
i 86
i 87
i 88
i 89
i 90
i 91
i 92
i 93
i 94
i 95
i 96
i 97
i 98
i 99
precf 100
root finding bound
i 100
i 100
i 100
lower bounds
i 1
i 2
i 3
i 4
i 5
i 6
i 7
i 8
i 9
i 10
i 11
i 12
i 13
i 14
i 15
i 16
i 17
i 18
i 19
i 20
i 21
i 22
i 23
i 24
i 25
i 26
i 27
i 28
i 29
i 30
i 31
i 32
i 33
i 34
i 35
i 36
i 37
i 38
i 39
i 40
i 41
i 42
i 43
i 44
i 45
i 46
i 47
i 48
i 49
i 50
i 51
i 52
i 53
i 54
i 55
i 56
i 57
i 58
i 59
i 60
i 61
i 62
i 63
i 64
i 65
i 66
i 67
i 68
i 69
i 70
i 71
i 72
i 73
i 74
i 75
i 76
i 77
i 78
i 79
i 80
i 81
i 82
i 83
i 84
i 85
i 86
i 87
i 88
i 89
i 90
i 91
i 92
i 93
i 94
i 95
i 96
i 97
i 98
i 99
precf 100
root finding bound
i 100
i 100
i 100
lower bounds
i 1
i 2
i 3
i 4
i 5
i 6
i 7
i 8
i 9
i 10
i 11
i 12
i 13
i 14
i 15
i 16
i 17
i 18
i 19
i 20
i 21
i 22
i 23
i 24
i 25
i 26
i 27
i 28
i 29
i 30
i 31
i 32
i 33
i 34
i 35
i 36
i 37
i 38
i 39
i 40
i 41
i 42
i 43
i 44
i 45
i 46
i 47
i 48
i 49
i 50
i 51
i 52
i 53
i 54
i 55
i 56
i 57
i 58
i 59
i 60
i 61
i 62
i 63
i 64
i 65
i 66
i 67
i 68
i 69
i 70
i 71
i 72
i 73
i 74
i 75
i 76
i 77
i 78
i 79
i 80
i 81
i 82
i 83
i 84
i 85
i 86
i 87
i 88
i 89
i 90
i 91
i 92
i 93
i 94
i 95
i 96
i 97
i 98
i 99
precf 100
root finding bound
i 100
i 100
i 100
lower bounds
i 1
i 2
i 3
i 4
i 5
i 6
i 7
i 8
i 9
i 10
i 11
i 12
i 13
i 14
i 15
i 16
i 17
i 18
i 19
i 20
i 21
i 22
i 23
i 24
i 25
i 26
i 27
i 28
i 29
i 30
i 31
i 32
i 33
i 34
i 35
i 36
i 37
i 38
i 39
i 40
i 41
i 42
i 43
i 44
i 45
i 46
i 47
i 48
i 49
i 50
i 51
i 52
i 53
i 54
i 55
i 56
i 57
i 58
i 59
i 60
i 61
i 62
i 63
i 64
i 65
i 66
i 67
i 68
i 69
i 70
i 71
i 72
i 73
i 74
i 75
i 76
i 77
i 78
i 79
i 80
i 81
i 82
i 83
i 84
i 85
i 86
i 87
i 88
i 89
i 90
i 91
i 92
i 93
i 94
i 95
i 96
i 97
i 98
i 99
precf 100
root finding bound
i 100
i 100
i 100
lower bounds
i 1
i 2
i 3
i 4
i 5
i 6
i 7
i 8
i 9
i 10
i 11
i 12
i 13
i 14
i 15
i 16
i 17
i 18
i 19
i 20
i 21
i 22
i 23
i 24
i 25
i 26
i 27
i 28
i 29
i 30
i 31
i 32
i 33
i 34
i 35
i 36
i 37
i 38
i 39
i 40
i 41
i 42
i 43
i 44
i 45
i 46
i 47
i 48
i 49
i 50
i 51
i 52
i 53
i 54
i 55
i 56
i 57
i 58
i 59
i 60
i 61
i 62
i 63
i 64
i 65
i 66
i 67
i 68
i 69
i 70
i 71
i 72
i 73
i 74
i 75
i 76
i 77
i 78
i 79
i 80
i 81
i 82
i 83
i 84
i 85
i 86
i 87
i 88
i 89
i 90
i 91
i 92
i 93
i 94
i 95
i 96
i 97
i 98
i 99
precf 100
root finding bound
i 100
i 100
i 100
lower bounds
i 1
i 2
i 3
i 4
i 5
i 6
i 7
i 8
i 9
i 10
i 11
i 12
i 13
i 14
i 15
i 16
i 17
i 18
i 19
i 20
i 21
i 22
i 23
i 24
i 25
i 26
i 27
i 28
i 29
i 30
i 31
i 32
i 33
i 34
i 35
i 36
i 37
i 38
i 39
i 40
i 41
i 42
i 43
i 44
i 45
i 46
i 47
i 48
i 49
i 50
i 51
i 52
i 53
i 54
i 55
i 56
i 57
i 58
i 59
i 60
i 61
i 62
i 63
i 64
i 65
i 66
i 67
i 68
i 69
i 70
i 71
i 72
i 73
i 74
i 75
i 76
i 77
i 78
i 79
i 80
i 81
i 82
i 83
i 84
i 85
i 86
i 87
i 88
i 89
i 90
i 91
i 92
i 93
i 94
i 95
i 96
i 97
i 98
i 99
precf 100
root finding bound
i 100
i 100
i 100
lower bounds
i 1
i 2
i 3
i 4
i 5
i 6
i 7
i 8
i 9
i 10
i 11
i 12
i 13
i 14
i 15
i 16
i 17
i 18
i 19
i 20
i 21
i 22
i 23
i 24
i 25
i 26
i 27
i 28
i 29
i 30
i 31
i 32
i 33
i 34
i 35
i 36
i 37
i 38
i 39
i 40
i 41
i 42
i 43
i 44
i 45
i 46
i 47
i 48
i 49
i 50
i 51
i 52
i 53
i 54
i 55
i 56
i 57
i 58
i 59
i 60
i 61
i 62
i 63
i 64
i 65
i 66
i 67
i 68
i 69
i 70
i 71
i 72
i 73
i 74
i 75
i 76
i 77
i 78
i 79
i 80
i 81
i 82
i 83
i 84
i 85
i 86
i 87
i 88
i 89
i 90
i 91
i 92
i 93
i 94
i 95
i 96
i 97
i 98
i 99
precf 100
root finding bound
i 100
i 100
i 100
lower bounds
i 1
i 2
i 3
i 4
i 5
i 6
i 7
i 8
i 9
i 10
i 11
i 12
i 13
i 14
i 15
i 16
i 17
i 18
i 19
i 20
i 21
i 22
i 23
i 24
i 25
i 26
i 27
i 28
i 29
i 30
i 31
i 32
i 33
i 34
i 35
i 36
i 37
i 38
i 39
i 40
i 41
i 42
i 43
i 44
i 45
i 46
i 47
i 48
i 49
i 50
i 51
i 52
i 53
i 54
i 55
i 56
i 57
i 58
i 59
i 60
i 61
i 62
i 63
i 64
i 65
i 66
i 67
i 68
i 69
i 70
i 71
i 72
i 73
i 74
i 75
i 76
i 77
i 78
i 79
i 80
i 81
i 82
i 83
i 84
i 85
i 86
i 87
i 88
i 89
i 90
i 91
i 92
i 93
i 94
i 95
i 96
i 97
i 98
i 99
precf 100
root finding bound
i 100
i 100
i 100
lower bounds
i 1
i 2
i 3
i 4
i 5
i 6
i 7
i 8
i 9
i 10
i 11
i 12
i 13
i 14
i 15
i 16
i 17
i 18
i 19
i 20
i 21
i 22
i 23
i 24
i 25
i 26
i 27
i 28
i 29
i 30
i 31
i 32
i 33
i 34
i 35
i 36
i 37
i 38
i 39
i 40
i 41
i 42
i 43
i 44
i 45
i 46
i 47
i 48
i 49
i 50
i 51
i 52
i 53
i 54
i 55
i 56
i 57
i 58
i 59
i 60
i 61
i 62
i 63
i 64
i 65
i 66
i 67
i 68
i 69
i 70
i 71
i 72
i 73
i 74
i 75
i 76
i 77
i 78
i 79
i 80
i 81
i 82
i 83
i 84
i 85
i 86
i 87
i 88
i 89
i 90
i 91
i 92
i 93
i 94
i 95
i 96
i 97
i 98
i 99
precf 100
root finding bound
i 100
lower bounds
i 1
i 2
i 3
i 4
i 5
i 6
i 7
i 8
i 9
i 10
i 11
i 12
i 13
i 14
i 15
i 16
i 17
i 18
i 19
i 20
i 21
i 22
i 23
i 24
i 25
i 26
i 27
i 28
i 29
i 30
i 31
i 32
i 33
i 34
i 35
i 36
i 37
i 38
i 39
i 40
i 41
i 42
i 43
i 44
i 45
i 46
i 47
i 48
i 49
i 50
i 51
i 52
i 53
i 54
i 55
i 56
i 57
i 58
i 59
i 60
i 61
i 62
i 63
i 64
i 65
i 66
i 67
i 68
i 69
i 70
i 71
i 72
i 73
i 74
i 75
i 76
i 77
i 78
i 79
i 80
i 81
i 82
i 83
i 84
i 85
i 86
i 87
i 88
i 89
i 90
i 91
i 92
i 93
i 94
i 95
i 96
i 97
i 98
i 99
precf 100
root finding bound
i 100
lower bounds
i 1
i 2
i 3
i 4
i 5
i 6
i 7
i 8
i 9
i 10
i 11
i 12
i 13
i 14
i 15
i 16
i 17
i 18
i 19
i 20
i 21
i 22
i 23
i 24
i 25
i 26
i 27
i 28
i 29
i 30
i 31
i 32
i 33
i 34
i 35
i 36
i 37
i 38
i 39
i 40
i 41
i 42
i 43
i 44
i 45
i 46
i 47
i 48
i 49
i 50
i 51
i 52
i 53
i 54
i 55
i 56
i 57
i 58
i 59
i 60
i 61
i 62
i 63
i 64
i 65
i 66
i 67
i 68
i 69
i 70
i 71
i 72
i 73
i 74
i 75
i 76
i 77
i 78
i 79
i 80
i 81
i 82
i 83
i 84
i 85
i 86
i 87
i 88
i 89
i 90
i 91
i 92
i 93
i 94
i 95
i 96
i 97
i 98
i 99
precf 100
root finding bound
i 100
i 100
i 100
lower bounds
i 1
i 2
i 3
i 4
i 5
i 6
i 7
i 8
i 9
i 10
i 11
i 12
i 13
i 14
i 15
i 16
i 17
i 18
i 19
i 20
i 21
i 22
i 23
i 24
i 25
i 26
i 27
i 28
i 29
i 30
i 31
i 32
i 33
i 34
i 35
i 36
i 37
i 38
i 39
i 40
i 41
i 42
i 43
i 44
i 45
i 46
i 47
i 48
i 49
i 50
i 51
i 52
i 53
i 54
i 55
i 56
i 57
i 58
i 59
i 60
i 61
i 62
i 63
i 64
i 65
i 66
i 67
i 68
i 69
i 70
i 71
i 72
i 73
i 74
i 75
i 76
i 77
i 78
i 79
i 80
i 81
i 82
i 83
i 84
i 85
i 86
i 87
i 88
i 89
i 90
i 91
i 92
i 93
i 94
i 95
i 96
i 97
i 98
i 99
precf 100
root finding bound
i 100
i 100
i 100
lower bounds
i 1
i 2
i 3
i 4
i 5
i 6
i 7
i 8
i 9
i 10
i 11
i 12
i 13
i 14
i 15
i 16
i 17
i 18
i 19
i 20
i 21
i 22
i 23
i 24
i 25
i 26
i 27
i 28
i 29
i 30
i 31
i 32
i 33
i 34
i 35
i 36
i 37
i 38
i 39
i 40
i 41
i 42
i 43
i 44
i 45
i 46
i 47
i 48
i 49
i 50
i 51
i 52
i 53
i 54
i 55
i 56
i 57
i 58
i 59
i 60
i 61
i 62
i 63
i 64
i 65
i 66
i 67
i 68
i 69
i 70
i 71
i 72
i 73
i 74
i 75
i 76
i 77
i 78
i 79
i 80
i 81
i 82
i 83
i 84
i 85
i 86
i 87
i 88
i 89
i 90
i 91
i 92
i 93
i 94
i 95
i 96
i 97
i 98
i 99
precf 100
root finding bound
i 100
lower bounds
i 1
i 2
i 3
i 4
i 5
i 6
i 7
i 8
i 9
i 10
i 11
i 12
i 13
i 14
i 15
i 16
i 17
i 18
i 19
i 20
i 21
i 22
i 23
i 24
i 25
i 26
i 27
i 28
i 29
i 30
i 31
i 32
i 33
i 34
i 35
i 36
i 37
i 38
i 39
i 40
i 41
i 42
i 43
i 44
i 45
i 46
i 47
i 48
i 49
i 50
i 51
i 52
i 53
i 54
i 55
i 56
i 57
i 58
i 59
i 60
i 61
i 62
i 63
i 64
i 65
i 66
i 67
i 68
i 69
i 70
i 71
i 72
i 73
i 74
i 75
i 76
i 77
i 78
i 79
i 80
i 81
i 82
i 83
i 84
i 85
i 86
i 87
i 88
i 89
i 90
i 91
i 92
i 93
i 94
i 95
i 96
i 97
i 98
i 99
precf 100
root finding bound
i 100
lower bounds
i 1
i 2
i 3
i 4
i 5
i 6
i 7
i 8
i 9
i 10
i 11
i 12
i 13
i 14
i 15
i 16
i 17
i 18
i 19
i 20
i 21
i 22
i 23
i 24
i 25
i 26
i 27
i 28
i 29
i 30
i 31
i 32
i 33
i 34
i 35
i 36
i 37
i 38
i 39
i 40
i 41
i 42
i 43
i 44
i 45
i 46
i 47
i 48
i 49
i 50
i 51
i 52
i 53
i 54
i 55
i 56
i 57
i 58
i 59
i 60
i 61
i 62
i 63
i 64
i 65
i 66
i 67
i 68
i 69
i 70
i 71
i 72
i 73
i 74
i 75
i 76
i 77
i 78
i 79
i 80
i 81
i 82
i 83
i 84
i 85
i 86
i 87
i 88
i 89
i 90
i 91
i 92
i 93
i 94
i 95
i 96
i 97
i 98
i 99
precf 100
root finding bound
i 100
i 100
i 100
lower bounds
i 1
i 2
i 3
i 4
i 5
i 6
i 7
i 8
i 9
i 10
i 11
i 12
i 13
i 14
i 15
i 16
i 17
i 18
i 19
i 20
i 21
i 22
i 23
i 24
i 25
i 26
i 27
i 28
i 29
i 30
i 31
i 32
i 33
i 34
i 35
i 36
i 37
i 38
i 39
i 40
i 41
i 42
i 43
i 44
i 45
i 46
i 47
i 48
i 49
i 50
i 51
i 52
i 53
i 54
i 55
i 56
i 57
i 58
i 59
i 60
i 61
i 62
i 63
i 64
i 65
i 66
i 67
i 68
i 69
i 70
i 71
i 72
i 73
i 74
i 75
i 76
i 77
i 78
i 79
i 80
i 81
i 82
i 83
i 84
i 85
i 86
i 87
i 88
i 89
i 90
i 91
i 92
i 93
i 94
i 95
i 96
i 97
i 98
i 99
precf 100
root finding bound
i 100
i 100
i 100
lower bounds
i 1
i 2
i 3
i 4
i 5
i 6
i 7
i 8
i 9
i 10
i 11
i 12
i 13
i 14
i 15
i 16
i 17
i 18
i 19
i 20
i 21
i 22
i 23
i 24
i 25
i 26
i 27
i 28
i 29
i 30
i 31
i 32
i 33
i 34
i 35
i 36
i 37
i 38
i 39
i 40
i 41
i 42
i 43
i 44
i 45
i 46
i 47
i 48
i 49
i 50
i 51
i 52
i 53
i 54
i 55
i 56
i 57
i 58
i 59
i 60
i 61
i 62
i 63
i 64
i 65
i 66
i 67
i 68
i 69
i 70
i 71
i 72
i 73
i 74
i 75
i 76
i 77
i 78
i 79
i 80
i 81
i 82
i 83
i 84
i 85
i 86
i 87
i 88
i 89
i 90
i 91
i 92
i 93
i 94
i 95
i 96
i 97
i 98
i 99
precf 100
root finding bound
i 100
lower bounds
i 1
i 2
i 3
i 4
i 5
i 6
i 7
i 8
i 9
i 10
i 11
i 12
i 13
i 14
i 15
i 16
i 17
i 18
i 19
i 20
i 21
i 22
i 23
i 24
i 25
i 26
i 27
i 28
i 29
i 30
i 31
i 32
i 33
i 34
i 35
i 36
i 37
i 38
i 39
i 40
i 41
i 42
i 43
i 44
i 45
i 46
i 47
i 48
i 49
i 50
i 51
i 52
i 53
i 54
i 55
i 56
i 57
i 58
i 59
i 60
i 61
i 62
i 63
i 64
i 65
i 66
i 67
i 68
i 69
i 70
i 71
i 72
i 73
i 74
i 75
i 76
i 77
i 78
i 79
i 80
i 81
i 82
i 83
i 84
i 85
i 86
i 87
i 88
i 89
i 90
i 91
i 92
i 93
i 94
i 95
i 96
i 97
i 98
i 99
precf 100
root finding bound
i 100
lower bounds
i 1
i 2
i 3
i 4
i 5
i 6
i 7
i 8
i 9
i 10
i 11
i 12
i 13
i 14
i 15
i 16
i 17
i 18
i 19
i 20
i 21
i 22
i 23
i 24
i 25
i 26
i 27
i 28
i 29
i 30
i 31
i 32
i 33
i 34
i 35
i 36
i 37
i 38
i 39
i 40
i 41
i 42
i 43
i 44
i 45
i 46
i 47
i 48
i 49
i 50
i 51
i 52
i 53
i 54
i 55
i 56
i 57
i 58
i 59
i 60
i 61
i 62
i 63
i 64
i 65
i 66
i 67
i 68
i 69
i 70
i 71
i 72
i 73
i 74
i 75
i 76
i 77
i 78
i 79
i 80
i 81
i 82
i 83
i 84
i 85
i 86
i 87
i 88
i 89
i 90
i 91
i 92
i 93
i 94
i 95
i 96
i 97
i 98
i 99
precf 100
root finding bound
i 100
i 100
i 100
lower bounds
i 1
i 2
i 3
i 4
i 5
i 6
i 7
i 8
i 9
i 10
i 11
i 12
i 13
i 14
i 15
i 16
i 17
i 18
i 19
i 20
i 21
i 22
i 23
i 24
i 25
i 26
i 27
i 28
i 29
i 30
i 31
i 32
i 33
i 34
i 35
i 36
i 37
i 38
i 39
i 40
i 41
i 42
i 43
i 44
i 45
i 46
i 47
i 48
i 49
i 50
i 51
i 52
i 53
i 54
i 55
i 56
i 57
i 58
i 59
i 60
i 61
i 62
i 63
i 64
i 65
i 66
i 67
i 68
i 69
i 70
i 71
i 72
i 73
i 74
i 75
i 76
i 77
i 78
i 79
i 80
i 81
i 82
i 83
i 84
i 85
i 86
i 87
i 88
i 89
i 90
i 91
i 92
i 93
i 94
i 95
i 96
i 97
i 98
i 99
precf 100
root finding bound
i 100
i 100
i 100
lower bounds
i 1
i 2
i 3
i 4
i 5
i 6
i 7
i 8
i 9
i 10
i 11
i 12
i 13
i 14
i 15
i 16
i 17
i 18
i 19
i 20
i 21
i 22
i 23
i 24
i 25
i 26
i 27
i 28
i 29
i 30
i 31
i 32
i 33
i 34
i 35
i 36
i 37
i 38
i 39
i 40
i 41
i 42
i 43
i 44
i 45
i 46
i 47
i 48
i 49
i 50
i 51
i 52
i 53
i 54
i 55
i 56
i 57
i 58
i 59
i 60
i 61
i 62
i 63
i 64
i 65
i 66
i 67
i 68
i 69
i 70
i 71
i 72
i 73
i 74
i 75
i 76
i 77
i 78
i 79
i 80
i 81
i 82
i 83
i 84
i 85
i 86
i 87
i 88
i 89
i 90
i 91
i 92
i 93
i 94
i 95
i 96
i 97
i 98
i 99
precf 100
root finding bound
i 100
i 100
i 100
lower bounds
i 1
i 2
i 3
i 4
i 5
i 6
i 7
i 8
i 9
i 10
i 11
i 12
i 13
i 14
i 15
i 16
i 17
i 18
i 19
i 20
i 21
i 22
i 23
i 24
i 25
i 26
i 27
i 28
i 29
i 30
i 31
i 32
i 33
i 34
i 35
i 36
i 37
i 38
i 39
i 40
i 41
i 42
i 43
i 44
i 45
i 46
i 47
i 48
i 49
i 50
i 51
i 52
i 53
i 54
i 55
i 56
i 57
i 58
i 59
i 60
i 61
i 62
i 63
i 64
i 65
i 66
i 67
i 68
i 69
i 70
i 71
i 72
i 73
i 74
i 75
i 76
i 77
i 78
i 79
i 80
i 81
i 82
i 83
i 84
i 85
i 86
i 87
i 88
i 89
i 90
i 91
i 92
i 93
i 94
i 95
i 96
i 97
i 98
i 99
precf 100
root finding bound
i 100
i 100
i 100
lower bounds
i 1
i 2
i 3
i 4
i 5
i 6
i 7
i 8
i 9
i 10
i 11
i 12
i 13
i 14
i 15
i 16
i 17
i 18
i 19
i 20
i 21
i 22
i 23
i 24
i 25
i 26
i 27
i 28
i 29
i 30
i 31
i 32
i 33
i 34
i 35
i 36
i 37
i 38
i 39
i 40
i 41
i 42
i 43
i 44
i 45
i 46
i 47
i 48
i 49
i 50
i 51
i 52
i 53
i 54
i 55
i 56
i 57
i 58
i 59
i 60
i 61
i 62
i 63
i 64
i 65
i 66
i 67
i 68
i 69
i 70
i 71
i 72
i 73
i 74
i 75
i 76
i 77
i 78
i 79
i 80
i 81
i 82
i 83
i 84
i 85
i 86
i 87
i 88
i 89
i 90
i 91
i 92
i 93
i 94
i 95
i 96
i 97
i 98
i 99
precf 100
root finding bound
i 100
i 100
i 100
lower bounds
i 1
i 2
i 3
i 4
i 5
i 6
i 7
i 8
i 9
i 10
i 11
i 12
i 13
i 14
i 15
i 16
i 17
i 18
i 19
i 20
i 21
i 22
i 23
i 24
i 25
i 26
i 27
i 28
i 29
i 30
i 31
i 32
i 33
i 34
i 35
i 36
i 37
i 38
i 39
i 40
i 41
i 42
i 43
i 44
i 45
i 46
i 47
i 48
i 49
i 50
i 51
i 52
i 53
i 54
i 55
i 56
i 57
i 58
i 59
i 60
i 61
i 62
i 63
i 64
i 65
i 66
i 67
i 68
i 69
i 70
i 71
i 72
i 73
i 74
i 75
i 76
i 77
i 78
i 79
i 80
i 81
i 82
i 83
i 84
i 85
i 86
i 87
i 88
i 89
i 90
i 91
i 92
i 93
i 94
i 95
i 96
i 97
i 98
i 99
precf 100
root finding bound
i 100
i 100
i 100
lower bounds
i 1
i 2
i 3
i 4
i 5
i 6
i 7
i 8
i 9
i 10
i 11
i 12
i 13
i 14
i 15
i 16
i 17
i 18
i 19
i 20
i 21
i 22
i 23
i 24
i 25
i 26
i 27
i 28
i 29
i 30
i 31
i 32
i 33
i 34
i 35
i 36
i 37
i 38
i 39
i 40
i 41
i 42
i 43
i 44
i 45
i 46
i 47
i 48
i 49
i 50
i 51
i 52
i 53
i 54
i 55
i 56
i 57
i 58
i 59
i 60
i 61
i 62
i 63
i 64
i 65
i 66
i 67
i 68
i 69
i 70
i 71
i 72
i 73
i 74
i 75
i 76
i 77
i 78
i 79
i 80
i 81
i 82
i 83
i 84
i 85
i 86
i 87
i 88
i 89
i 90
i 91
i 92
i 93
i 94
i 95
i 96
i 97
i 98
i 99
precf 100
root finding bound
i 100
i 100
i 100
lower bounds
i 1
i 2
i 3
i 4
i 5
i 6
i 7
i 8
i 9
i 10
i 11
i 12
i 13
i 14
i 15
i 16
i 17
i 18
i 19
i 20
i 21
i 22
i 23
i 24
i 25
i 26
i 27
i 28
i 29
i 30
i 31
i 32
i 33
i 34
i 35
i 36
i 37
i 38
i 39
i 40
i 41
i 42
i 43
i 44
i 45
i 46
i 47
i 48
i 49
i 50
i 51
i 52
i 53
i 54
i 55
i 56
i 57
i 58
i 59
i 60
i 61
i 62
i 63
i 64
i 65
i 66
i 67
i 68
i 69
i 70
i 71
i 72
i 73
i 74
i 75
i 76
i 77
i 78
i 79
i 80
i 81
i 82
i 83
i 84
i 85
i 86
i 87
i 88
i 89
i 90
i 91
i 92
i 93
i 94
i 95
i 96
i 97
i 98
i 99
precf 100
root finding bound
i 100
i 100
i 100
 All roots of the quadratic Chabauty function(s) are correct to precision at least 29^8.

 The common roots of the quadratic Chabauty function(s) in this affine patch are 
 [
[ O(29^8), -2 + O(29^8) ],
[ O(29^8), 1 + O(29^9) ],
[ 4 + O(29^8), -4 + O(29^8) ],
[ 4 + O(29^8), 7 + O(29^8) ],
[ -125061603240 + O(29^8), -125061603242 + O(29^8) ],
[ -125061603240 + O(29^8), 1 + O(29^8) ]
] 

 The lists of zeroes are 
 [* [*
[],
[],
[],
[],
[ [* 215705345173 + O(29^8), 8 *], [* O(29^8), 8 *] ],
[ [* 215705345173 + O(29^8), 8 *], [* O(29^8), 8 *] ],
[ [* 219002507272 + O(29^8), 8 *], [* O(29^8), 8 *] ],
[ [* 219002507272 + O(29^8), 8 *], [* O(29^8), 8 *] ],
[ [* -181015978003 + O(29^8), 8 *], [* O(29^8), 8 *] ],
[],
[],
[ [* -181015978003 + O(29^8), 8 *], [* O(29^8), 8 *] ],
[ [* -186915890573 + O(29^8), 8 *], [* -240649449999 + O(29^8), 8 *] ],
[ [* -186915890573 + O(29^8), 8 *], [* -240649449999 + O(29^8), 8 *] ],
[],
[],
[],
[],
[],
[],
[],
[],
[],
[],
[],
[],
[],
[],
[ [* -105868547057 + O(29^8), 8 *], [* 134775090808 + O(29^8), 8 *] ],
[ [* -105868547057 + O(29^8), 8 *], [* 134775090808 + O(29^8), 8 *] ],
[ [* 98645661139 + O(29^8), 8 *], [* -125061603241 + O(29^8), 8 *] ],
[],
[],
[ [* 98645661139 + O(29^8), 8 *], [* -125061603241 + O(29^8), 8 *] ]
*], [*
[],
[],
[],
[],
[ [* 227590268394 + O(29^8), 8 *], [* -248184846419 + O(29^8), 8 *] ],
[ [* 227590268394 + O(29^8), 8 *], [* -248184846419 + O(29^8), 8 *] ],
[ [* 180299922391 + O(29^8), 8 *], [* O(29^8), 8 *] ],
[ [* 180299922391 + O(29^8), 8 *], [* O(29^8), 8 *] ],
[ [* -77273615009 + O(29^8), 8 *], [* O(29^8), 8 *] ],
[ [* -143137929031 + O(29^8), 8 *], [* -133651613605 + O(29^8), 8 *] ],
[ [* -143137929031 + O(29^8), 8 *], [* -133651613605 + O(29^8), 8 *] ],
[ [* -77273615009 + O(29^8), 8 *], [* O(29^8), 8 *] ],
[ [* 135339385307 + O(29^8), 8 *], [* 215714126372 + O(29^8), 8 *] ],
[ [* 135339385307 + O(29^8), 8 *], [* 215714126372 + O(29^8), 8 *] ],
[ [* 9435679227 + O(29^8), 8 *], [* -110805003631 + O(29^8), 8 *] ],
[ [* 9435679227 + O(29^8), 8 *], [* -110805003631 + O(29^8), 8 *] ],
[],
[],
[ [* -100737081610 + O(29^8), 8 *], [* 160455237228 + O(29^8), 8 *] ],
[ [* -100737081610 + O(29^8), 8 *], [* 160455237228 + O(29^8), 8 *] ],
[],
[],
[ [* 230547213700 + O(29^8), 8 *], [* -171760284273 + O(29^8), 8 *] ],
[ [* 230547213700 + O(29^8), 8 *], [* -171760284273 + O(29^8), 8 *] ],
[],
[],
[ [* 88763156932 + O(29^8), 8 *], [* 195748037424 + O(29^8), 8 *] ],
[ [* 88763156932 + O(29^8), 8 *], [* 195748037424 + O(29^8), 8 *] ],
[ [* -22079075531 + O(29^8), 8 *], [* 142120037752 + O(29^8), 8 *] ],
[ [* -22079075531 + O(29^8), 8 *], [* 142120037752 + O(29^8), 8 *] ],
[ [* -125061603241 + O(29^8), 8 *], [* 18259662596 + O(29^8), 8 *] ],
[ [* -75003525237 + O(29^8), 8 *], [* 33377947122 + O(29^8), 8 *] ],
[ [* -75003525237 + O(29^8), 8 *], [* 33377947122 + O(29^8), 8 *] ],
[ [* -125061603241 + O(29^8), 8 *], [* 18259662596 + O(29^8), 8 *] ]
*] *] 
 Recovered known rational point [ 0, -2 ]
 Recovered known rational point [ 0, 1 ]
 Recovered known rational point [ 4, -4 ]
 Recovered known rational point [ 4, 7 ]
 Recovered known rational point [ 1/4, -7/4 ]
 Recovered known rational point [ 1/4, 1 ]

 Error in qc computation at p = 29:
 Runtime error: Not all known rational points in good disks were recovered. 

 Find a good second affine patch

Smallest transformation found has max coeff size  2

 Starting quadratic Chabauty computation for the affine patch 
 y^4 + (-2*x + 2)*y^3 + (-x^2 - 2*x - 1)*y^2 + (2*x^3 - 2*x^2 + 2*x - 2)*y + 2*x^3 + 2*x^2 + 2*x = 0
 at the prime p = 31

 Computing a symplectic basis of H^1

[Interrupted]


[Interrupted]


Total time: 202.870 seconds, Total memory usage: 73.81MB
Loading "qc_modular.m"
Loading "coleman.m"
Loading "auxpolys.m"
Loading "coho.m"
Loading "froblift.m"
Loading "reductions.m"
Loading "singleintegrals.m"
Loading "misc.m"
Loading "applications.m"
Loading "symplectic_basis.m"
Loading "hecke_correspondence.m"
Loading "hodge.m"
Loading "frobenius.m"
Loading "heights.m"
Loading "second_patch_quartic.m"

 Find a good second affine patch

Smallest transformation found has max coeff size  2

 Starting quadratic Chabauty computation for the affine patch 
 y^4 + (-2*x + 2)*y^3 + (-x^2 - 2*x - 1)*y^2 + (2*x^3 - 2*x^2 + 2*x - 2)*y + 2*x^3 + 2*x^2 + 2*x = 0
 at the prime p = 13

 Computing a symplectic basis of H^1
 Computed Coleman data at p=13 to precision 15.

 Good affine rational points: [
[ 4, 7 ],
[ 4, -4 ],
[ 0, 1 ],
[ 0, 0 ],
[ 0, -1 ],
[ 0, -2 ],
[ 1/4, 1 ],
[ 1/4, -7/4 ]
]

 Bad affine rational points: []

 Using the base point [ 4, 7 ].

 Computing correspondences
Hecke operator at 13 acting on H^1:
[1925/244 387/244 -279/244 0 163613/360 -25489739/25173223]
[-1679/183 -125/61 127/61 -163613/360 0 9191956/42691991]
[1515/244 1221/244 39/244 25489739/25173223 -9191956/42691991 0]
[0 0 0 1925/244 -1679/183 1515/244]
[0 0 0 387/244 -125/61 1221/244]
[0 0 0 -279/244 127/61 39/244]

 Nice correspondences:
[
[0 163613/60 3650749/25143943 -4311/122 -1161/122 837/122]
[-163613/60 0 -37091543/42679791 3358/61 1482/61 -762/61]
[-3650749/25143943 37091543/42679791 0 -4545/122 -3663/122 1347/122]
[4311/122 -3358/61 4545/122 0 0 0]
[1161/122 -1482/61 3663/122 0 0 0]
[-837/122 762/61 -1347/122 0 0 0],

[0 1007744/375 -79647233/22875 -9488/305 -1296/305 432/61]
[-1007744/375 0 -31053695/16062227 2976/61 5344/305 -480/61]
[79647233/22875 31053695/16062227 0 -1488/305 -144/305 4144/305]
[9488/305 -2976/61 1488/305 0 0 0]
[1296/305 -5344/305 144/305 0 0 0]
[-432/61 480/61 -4144/305 0 0 0]
]


 equivariant splitting:
[1 0 0]
[0 1 0]
[0 0 1]
[0 0 0]
[0 -5790058630988325600073/87701768971714930176 -1662399956856875125841/3399293370996702720]
[0 -1662399956856875125841/3399293370996702720 -71389880766393679419803/105378094500897784320]
 Computing Hodge filtration for correspondence 1.
 eta =  (119489716/2319525  49367398/2319525      5083559/3050).
 beta_fil  =  (12073/305  7107/305 6594/1525).
 gamma_fil =  (14914141/30000*x^2 + 77839651/120000*x + 8730438277/160000   -80892841/40000*x + 586093/120000   -27831193/160000   0).

 Computing Frobenius structure for correspondence 1.
 Using point [ 0, 1 ] at correspondence 1 to generate.
 Using point [ 0, 1 ] at correspondence 1 to fit the height pairing.
 Using point [ 0, 0 ] at correspondence 1 to fit the height pairing.
 Computing Hodge filtration for correspondence 2.
 eta =  (  100966477/1391715 1006638821/69585750    281482337/183000).
 beta_fil  =  (48998519/91500 11129683/30500  3223421/30500).
 gamma_fil =  (121916971/18000*x^2 + 636901141/72000*x + 71467512643/96000   -658997503/24000*x - 26025509/72000   -228923983/96000   0).

 Computing Frobenius structure for correspondence 2.
 Using point [ 0, 1 ] at correspondence 2 to generate.
 Using point [ 0, 1 ] at correspondence 2 to fit the height pairing.
vals [ -2, 0, 0 ]
i0_threshold -2
i0 169
 The quadratic Chabauty function for correspondence 1 is correct to precision 13^7.
lower bounds
i 169
i 170
i 171
i 172
i 173
i 174
i 175
i 176
i 177
i 178
i 179
i 180
i 181
i 182
i 183
i 184
i 185
i 186
i 187
i 188
i 189
i 190
i 191
i 192
i 193
i 194
i 195
i 196
i 197
i 198
i 199
precf 200
root finding bound
i 200
i 200
i 200
lower bounds
i 169
i 170
i 171
i 172
i 173
i 174
i 175
i 176
i 177
i 178
i 179
i 180
i 181
i 182
i 183
i 184
i 185
i 186
i 187
i 188
i 189
i 190
i 191
i 192
i 193
i 194
i 195
i 196
i 197
i 198
i 199
precf 200
root finding bound
i 200
i 200
i 200
lower bounds
i 169
i 170
i 171
i 172
i 173
i 174
i 175
i 176
i 177
i 178
i 179
i 180
i 181
i 182
i 183
i 184
i 185
i 186
i 187
i 188
i 189
i 190
i 191
i 192
i 193
i 194
i 195
i 196
i 197
i 198
i 199
precf 200
root finding bound
i 200
i 200
i 200
lower bounds
i 169
i 170
i 171
i 172
i 173
i 174
i 175
i 176
i 177
i 178
i 179
i 180
i 181
i 182
i 183
i 184
i 185
i 186
i 187
i 188
i 189
i 190
i 191
i 192
i 193
i 194
i 195
i 196
i 197
i 198
i 199
precf 200
root finding bound
i 200
i 200
i 200
lower bounds
i 169
i 170
i 171
i 172
i 173
i 174
i 175
i 176
i 177
i 178
i 179
i 180
i 181
i 182
i 183
i 184
i 185
i 186
i 187
i 188
i 189
i 190
i 191
i 192
i 193
i 194
i 195
i 196
i 197
i 198
i 199
precf 200
root finding bound
i 200
lower bounds
i 169
i 170
i 171
i 172
i 173
i 174
i 175
i 176
i 177
i 178
i 179
i 180
i 181
i 182
i 183
i 184
i 185
i 186
i 187
i 188
i 189
i 190
i 191
i 192
i 193
i 194
i 195
i 196
i 197
i 198
i 199
precf 200
root finding bound
i 200
lower bounds
i 169
i 170
i 171
i 172
i 173
i 174
i 175
i 176
i 177
i 178
i 179
i 180
i 181
i 182
i 183
i 184
i 185
i 186
i 187
i 188
i 189
i 190
i 191
i 192
i 193
i 194
i 195
i 196
i 197
i 198
i 199
precf 200
root finding bound
i 200
i 200
i 200
lower bounds
i 169
i 170
i 171
i 172
i 173
i 174
i 175
i 176
i 177
i 178
i 179
i 180
i 181
i 182
i 183
i 184
i 185
i 186
i 187
i 188
i 189
i 190
i 191
i 192
i 193
i 194
i 195
i 196
i 197
i 198
i 199
precf 200
root finding bound
i 200
i 200
i 200
lower bounds
i 169
i 170
i 171
i 172
i 173
i 174
i 175
i 176
i 177
i 178
i 179
i 180
i 181
i 182
i 183
i 184
i 185
i 186
i 187
i 188
i 189
i 190
i 191
i 192
i 193
i 194
i 195
i 196
i 197
i 198
i 199
precf 200
root finding bound
i 200
lower bounds
i 169
i 170
i 171
i 172
i 173
i 174
i 175
i 176
i 177
i 178
i 179
i 180
i 181
i 182
i 183
i 184
i 185
i 186
i 187
i 188
i 189
i 190
i 191
i 192
i 193
i 194
i 195
i 196
i 197
i 198
i 199
precf 200
root finding bound
i 200
lower bounds
i 169
i 170
i 171
i 172
i 173
i 174
i 175
i 176
i 177
i 178
i 179
i 180
i 181
i 182
i 183
i 184
i 185
i 186
i 187
i 188
i 189
i 190
i 191
i 192
i 193
i 194
i 195
i 196
i 197
i 198
i 199
precf 200
root finding bound
i 200
lower bounds
i 169
i 170
i 171
i 172
i 173
i 174
i 175
i 176
i 177
i 178
i 179
i 180
i 181
i 182
i 183
i 184
i 185
i 186
i 187
i 188
i 189
i 190
i 191
i 192
i 193
i 194
i 195
i 196
i 197
i 198
i 199
precf 200
root finding bound
i 200
lower bounds
i 169
i 170
i 171
i 172
i 173
i 174
i 175
i 176
i 177
i 178
i 179
i 180
i 181
i 182
i 183
i 184
i 185
i 186
i 187
i 188
i 189
i 190
i 191
i 192
i 193
i 194
i 195
i 196
i 197
i 198
i 199
precf 200
root finding bound
i 200
i 200
i 200
lower bounds
i 169
i 170
i 171
i 172
i 173
i 174
i 175
i 176
i 177
i 178
i 179
i 180
i 181
i 182
i 183
i 184
i 185
i 186
i 187
i 188
i 189
i 190
i 191
i 192
i 193
i 194
i 195
i 196
i 197
i 198
i 199
precf 200
root finding bound
i 200
i 200
i 200
lower bounds
i 169
i 170
i 171
i 172
i 173
i 174
i 175
i 176
i 177
i 178
i 179
i 180
i 181
i 182
i 183
i 184
i 185
i 186
i 187
i 188
i 189
i 190
i 191
i 192
i 193
i 194
i 195
i 196
i 197
i 198
i 199
precf 200
root finding bound
i 200
lower bounds
i 169
i 170
i 171
i 172
i 173
i 174
i 175
i 176
i 177
i 178
i 179
i 180
i 181
i 182
i 183
i 184
i 185
i 186
i 187
i 188
i 189
i 190
i 191
i 192
i 193
i 194
i 195
i 196
i 197
i 198
i 199
precf 200
root finding bound
i 200
vals [ -2, 0, 0 ]
i0_threshold -2
i0 169
 The quadratic Chabauty function for correspondence 2 is correct to precision 13^7.
lower bounds
i 169
i 170
i 171
i 172
i 173
i 174
i 175
i 176
i 177
i 178
i 179
i 180
i 181
i 182
i 183
i 184
i 185
i 186
i 187
i 188
i 189
i 190
i 191
i 192
i 193
i 194
i 195
i 196
i 197
i 198
i 199
precf 200
root finding bound
i 200
lower bounds
i 169
i 170
i 171
i 172
i 173
i 174
i 175
i 176
i 177
i 178
i 179
i 180
i 181
i 182
i 183
i 184
i 185
i 186
i 187
i 188
i 189
i 190
i 191
i 192
i 193
i 194
i 195
i 196
i 197
i 198
i 199
precf 200
root finding bound
i 200
lower bounds
i 169
i 170
i 171
i 172
i 173
i 174
i 175
i 176
i 177
i 178
i 179
i 180
i 181
i 182
i 183
i 184
i 185
i 186
i 187
i 188
i 189
i 190
i 191
i 192
i 193
i 194
i 195
i 196
i 197
i 198
i 199
precf 200
root finding bound
i 200
i 200
i 200
lower bounds
i 169
i 170
i 171
i 172
i 173
i 174
i 175
i 176
i 177
i 178
i 179
i 180
i 181
i 182
i 183
i 184
i 185
i 186
i 187
i 188
i 189
i 190
i 191
i 192
i 193
i 194
i 195
i 196
i 197
i 198
i 199
precf 200
root finding bound
i 200
i 200
i 200
lower bounds
i 169
i 170
i 171
i 172
i 173
i 174
i 175
i 176
i 177
i 178
i 179
i 180
i 181
i 182
i 183
i 184
i 185
i 186
i 187
i 188
i 189
i 190
i 191
i 192
i 193
i 194
i 195
i 196
i 197
i 198
i 199
precf 200
root finding bound
i 200
i 200
i 200
lower bounds
i 169
i 170
i 171
i 172
i 173
i 174
i 175
i 176
i 177
i 178
i 179
i 180
i 181
i 182
i 183
i 184
i 185
i 186
i 187
i 188
i 189
i 190
i 191
i 192
i 193
i 194
i 195
i 196
i 197
i 198
i 199
precf 200
root finding bound
i 200
i 200
i 200
lower bounds
i 169
i 170
i 171
i 172
i 173
i 174
i 175
i 176
i 177
i 178
i 179
i 180
i 181
i 182
i 183
i 184
i 185
i 186
i 187
i 188
i 189
i 190
i 191
i 192
i 193
i 194
i 195
i 196
i 197
i 198
i 199
precf 200
root finding bound
i 200
i 200
i 200
lower bounds
i 169
i 170
i 171
i 172
i 173
i 174
i 175
i 176
i 177
i 178
i 179
i 180
i 181
i 182
i 183
i 184
i 185
i 186
i 187
i 188
i 189
i 190
i 191
i 192
i 193
i 194
i 195
i 196
i 197
i 198
i 199
precf 200
root finding bound
i 200
i 200
i 200
lower bounds
i 169
i 170
i 171
i 172
i 173
i 174
i 175
i 176
i 177
i 178
i 179
i 180
i 181
i 182
i 183
i 184
i 185
i 186
i 187
i 188
i 189
i 190
i 191
i 192
i 193
i 194
i 195
i 196
i 197
i 198
i 199
precf 200
root finding bound
i 200
i 200
i 200
lower bounds
i 169
i 170
i 171
i 172
i 173
i 174
i 175
i 176
i 177
i 178
i 179
i 180
i 181
i 182
i 183
i 184
i 185
i 186
i 187
i 188
i 189
i 190
i 191
i 192
i 193
i 194
i 195
i 196
i 197
i 198
i 199
precf 200
root finding bound
i 200
i 200
i 200
lower bounds
i 169
i 170
i 171
i 172
i 173
i 174
i 175
i 176
i 177
i 178
i 179
i 180
i 181
i 182
i 183
i 184
i 185
i 186
i 187
i 188
i 189
i 190
i 191
i 192
i 193
i 194
i 195
i 196
i 197
i 198
i 199
precf 200
root finding bound
i 200
i 200
i 200
lower bounds
i 169
i 170
i 171
i 172
i 173
i 174
i 175
i 176
i 177
i 178
i 179
i 180
i 181
i 182
i 183
i 184
i 185
i 186
i 187
i 188
i 189
i 190
i 191
i 192
i 193
i 194
i 195
i 196
i 197
i 198
i 199
precf 200
root finding bound
i 200
i 200
i 200
lower bounds
i 169
i 170
i 171
i 172
i 173
i 174
i 175
i 176
i 177
i 178
i 179
i 180
i 181
i 182
i 183
i 184
i 185
i 186
i 187
i 188
i 189
i 190
i 191
i 192
i 193
i 194
i 195
i 196
i 197
i 198
i 199
precf 200
root finding bound
i 200
i 200
i 200
lower bounds
i 169
i 170
i 171
i 172
i 173
i 174
i 175
i 176
i 177
i 178
i 179
i 180
i 181
i 182
i 183
i 184
i 185
i 186
i 187
i 188
i 189
i 190
i 191
i 192
i 193
i 194
i 195
i 196
i 197
i 198
i 199
precf 200
root finding bound
i 200
i 200
i 200
lower bounds
i 169
i 170
i 171
i 172
i 173
i 174
i 175
i 176
i 177
i 178
i 179
i 180
i 181
i 182
i 183
i 184
i 185
i 186
i 187
i 188
i 189
i 190
i 191
i 192
i 193
i 194
i 195
i 196
i 197
i 198
i 199
precf 200
root finding bound
i 200
i 200
i 200
lower bounds
i 169
i 170
i 171
i 172
i 173
i 174
i 175
i 176
i 177
i 178
i 179
i 180
i 181
i 182
i 183
i 184
i 185
i 186
i 187
i 188
i 189
i 190
i 191
i 192
i 193
i 194
i 195
i 196
i 197
i 198
i 199
precf 200
root finding bound
i 200
i 200
i 200
 All roots of the quadratic Chabauty function(s) are correct to precision at least 13^7.

 The common roots of the quadratic Chabauty function(s) in this affine patch are 
 [
[ O(13^7), -2 + O(13^7) ],
[ O(13^7), 1 + O(13^8) ],
[ 4 + O(13^7), -4 + O(13^7) ],
[ 4 + O(13^7), 7 + O(13^7) ],
[ -15687129 + O(13^7), -15687131 + O(13^7) ],
[ -15687129 + O(13^7), 1 + O(13^7) ]
] 

 The lists of zeroes are 
 [* [*
[],
[],
[],
[],
[ [* -30986728 + O(13^7), 7 *], [* O(13^7), 7 *] ],
[ [* -30986728 + O(13^7), 7 *], [* O(13^7), 7 *] ],
[ [* -6770444 + O(13^7), 7 *], [* O(13^7), 7 *] ],
[ [* -6770444 + O(13^7), 7 *], [* O(13^7), 7 *] ],
[],
[],
[ [* -16973291 + O(13^7), 7 *], [* O(13^7), 7 *] ],
[ [* -16973291 + O(13^7), 7 *], [* O(13^7), 7 *] ],
[],
[],
[],
[],
[ [* -1904635 + O(13^7), 7 *], [* -15687130 + O(13^7), 7 *] ],
[ [* -1904635 + O(13^7), 7 *], [* -15687130 + O(13^7), 7 *] ],
[],
[]
*], [*
[],
[],
[],
[],
[],
[],
[ [* 27159451 + O(13^7), 7 *], [* O(13^7), 7 *] ],
[ [* 27159451 + O(13^7), 7 *], [* O(13^7), 7 *] ],
[ [* -15765119 + O(13^7), 7 *], [* -22670508 + O(13^7), 7 *] ],
[ [* -15765119 + O(13^7), 7 *], [* -22670508 + O(13^7), 7 *] ],
[ [* -2967212 + O(13^7), 7 *], [* O(13^7), 7 *] ],
[ [* -2967212 + O(13^7), 7 *], [* O(13^7), 7 *] ],
[ [* -7957748 + O(13^7), 7 *], [* -27327927 + O(13^7), 7 *] ],
[ [* -7957748 + O(13^7), 7 *], [* -27327927 + O(13^7), 7 *] ],
[ [* 30267809 + O(13^7), 7 *], [* -19469966 + O(13^7), 7 *] ],
[ [* 30267809 + O(13^7), 7 *], [* -19469966 + O(13^7), 7 *] ],
[ [* -25822818 + O(13^7), 7 *], [* -15687130 + O(13^7), 7 *] ],
[ [* -25822818 + O(13^7), 7 *], [* -15687130 + O(13^7), 7 *] ],
[ [* -20317218 + O(13^7), 7 *], [* -30844154 + O(13^7), 7 *] ],
[ [* -20317218 + O(13^7), 7 *], [* -30844154 + O(13^7), 7 *] ]
*] *] 
 Recovered known rational point [ 0, -2 ]
 Recovered known rational point [ 0, 1 ]
 Recovered known rational point [ 4, -4 ]
 Recovered known rational point [ 4, 7 ]
 Recovered known rational point [ 1/4, -7/4 ]
 Recovered known rational point [ 1/4, 1 ]

 Error in qc computation at p = 13:
 Runtime error: Not all known rational points in good disks were recovered. 

 Find a good second affine patch

Smallest transformation found has max coeff size  2

[Interrupted]

[Interrupt twice in half a second; exiting]

Total time: 3895.669 seconds, Total memory usage: 110.72MB

Total time: 560.990 seconds, Total memory usage: 86.56MB

Total time: 468.480 seconds, Total memory usage: 118.09MB
