Loading "qc_modular.m"
Loading "coleman.m"
Loading "auxpolys.m"
Loading "coho.m"
Loading "froblift.m"
Loading "reductions.m"
Loading "singleintegrals.m"
Loading "misc.m"
Loading "applications.m"
Loading "symplectic_basis.m"
Loading "hecke_correspondence.m"
Loading "hodge.m"
Loading "frobenius.m"
Loading "heights.m"
Loading "second_patch_quartic.m"
Loading "divisor_heights.m"
Loading "qc_init_g2.m"
Loading "mws_qc.m"
Loading "howe_zhu.m"
Compute the rational points on  Hyperelliptic Curve defined by y^2 = 1881*x^6 - 3328*x^5 + 2418*x^4 - 926*x^3 + 197*x^2 - 22*x + 1 over Rational Field
The Jacobian is absolutely simple
Small points:  {@ (0 : -1 : 1), (0 : 1 : 1), (1 : -1 : 2), (1 : 1 : 2) @}
local heights [ 20125817943, -32630942820, -28318605168 ]

Starting quadratic Chabauty for p = 7.
 Computing Hodge filtration for correspondence 1.
 eta =  (0).
 beta_fil  =  (0 0).
 gamma_fil =  (-44*x     0).

 Computing Frobenius structure for correspondence 1.
[
(0 0),
(0 0),
(0 0),
(0 0),
(0 0)
]
[ true, true, true, true, true ]
 The quadratic Chabauty function for correspondence 1 is correct to precision 7^12.
 All roots of the quadratic Chabauty function(s) are correct to precision at least 7^10.

 The common roots of the quadratic Chabauty function(s) in this affine patch are 
 [
[ 27920895*7 + O(7^12), -2103542750 + O(7^12) ],
[ O(7^12), -1 + O(7^12) ],
[ 27920895*7 + O(7^12), 2103542750 + O(7^12) ],
[ O(7^12), 1 + O(7^12) ],
[ -4833548588 + O(7^12), -4801653524 + O(7^12) ],
[ -947703373 + O(7^12), -2753473992 + O(7^12) ],
[ -4833548588 + O(7^12), 4801653524 + O(7^12) ],
[ -947703373 + O(7^12), 2753473992 + O(7^12) ],
[ -988663371 + O(7^11), -247165843 + O(7^11) ],
[ -9945848 + O(7^11), -393476952 + O(7^11) ],
[ -988663371 + O(7^11), 247165843 + O(7^11) ],
[ -9945848 + O(7^11), 393476952 + O(7^11) ]
] 

Time: 2.860

Use the Mordell-Weil sieve to show that the additional solutions aren't rational.
generating cosets
Time: 0.000
number of cosets 8
adding information modulo 1045
Time: 23.890
number of cosets 8736200
starting Mordell Weil sieve
  6437200 cosets eliminated at v = 3
        2299000 cosets remaining after v=3
  1724250 cosets eliminated at v = 5
        574750 cosets remaining after v=5
  482790 cosets eliminated at v = 19
        91960 cosets remaining after v=19
  16720 cosets eliminated at v = 29
        75240 cosets remaining after v=29
  73080 cosets eliminated at v = 31
        2160 cosets remaining after v=31
  1440 cosets eliminated at v = 67
        720 cosets remaining after v=67
  120 cosets eliminated at v = 263
        600 cosets remaining after v=263
  160 cosets eliminated at v = 281
        440 cosets remaining after v=281
  112 cosets eliminated at v = 283
        328 cosets remaining after v=283
  88 cosets eliminated at v = 769
        240 cosets remaining after v=769
  152 cosets eliminated at v = 1151
        88 cosets remaining after v=1151
  70 cosets eliminated at v = 2377
        18 cosets remaining after v=2377
  6 cosets eliminated at v = 3847
        12 cosets remaining after v=3847
  8 cosets eliminated at v = 4957
        4 cosets remaining after v=4957

[Interrupted]

Total time: 98.760 seconds, Total memory usage: 2434.94MB
