First affine patch 188/5*x^6 - 108*x^5*y + 534/5*x^5 - 1686/5*x^4*y^2 - 
    2082/5*x^4*y + 567/5*x^4 - 1472/5*x^3*y^3 - 975*x^3*y^2 - 2952/5*x^3*y + 
    284/5*x^3 - 99*x^2*y^4 - 2814/5*x^2*y^3 - 4761/5*x^2*y^2 - 375*x^2*y + 
    14*x^2 + 24/5*x*y^5 - 543/5*x*y^4 - 1719/5*x*y^3 - 1902/5*x*y^2 - 107*x*y + 
    7/5*x + y^6 + 12/5*y^5 - 153/5*y^4 - 337/5*y^3 - 263/5*y^2 - 56/5*y
Second affine patch 7/188*x^5*y - 14/47*x^5 + 35/94*x^4*y^2 - 535/188*x^4*y - 
    263/188*x^4 + 71/47*x^3*y^3 - 1875/188*x^3*y^2 - 951/94*x^3*y - 337/188*x^3 
    + 567/188*x^2*y^4 - 738/47*x^2*y^3 - 4761/188*x^2*y^2 - 1719/188*x^2*y - 
    153/188*x^2 + 267/94*x*y^5 - 1041/94*x*y^4 - 4875/188*x*y^3 - 1407/94*x*y^2 
    - 543/188*x*y + 3/47*x + y^6 - 135/47*y^5 - 843/94*y^4 - 368/47*y^3 - 
    495/188*y^2 + 6/47*y + 5/188
Loading "qc_modular.m"
Loading "coleman.m"
Loading "auxpolys.m"
Loading "coho.m"
Loading "froblift.m"
Loading "reductions.m"
Loading "singleintegrals.m"
Loading "misc.m"
Loading "applications.m"
Loading "symplectic_basis.m"
Loading "hecke_correspondence.m"
Loading "hodge.m"
Loading "frobenius.m"
Loading "heights.m"
Loading "second_patch_quartic.m"
 Computing Hodge filtration for correspondence 1.
 Computing Frobenius structure for correspondence 1.
 Computing Hodge filtration for correspondence 2.
 Computing Frobenius structure for correspondence 2.
 The quadratic Chabauty function for correspondence 1 is correct to precision 
31^9.
 The quadratic Chabauty function for correspondence 2 is correct to precision 
31^9.
 All roots of the quadratic Chabauty function(s) are correct to precision at 
least 31^9.

 The common roots of the quadratic Chabauty function(s) in this affine patch are
 [
[ O(31^9), O(31^9) ],
[ 11750943182520 + O(31^9), -2937735795630 + O(31^9) ],
[ -8813207386891 + O(31^9), 8813207386890 + O(31^9) ],
[ -1 + O(31^9), O(31^9) ],
[ 13219811080335 + O(31^9), -13219811080335 + O(31^9) ]
] 

 Computing Hodge filtration for correspondence 1.
 Computing Frobenius structure for correspondence 1.
 Computing Hodge filtration for correspondence 2.
 Computing Frobenius structure for correspondence 2.
 The quadratic Chabauty function for correspondence 1 is correct to precision 
31^9.
 The quadratic Chabauty function for correspondence 2 is correct to precision 
31^9.
 All roots of the quadratic Chabauty function(s) are correct to precision at 
least 31^9.

 The common roots of the quadratic Chabauty function(s) in this affine patch are
 [
[ O(31^9), -1 + O(31^10) ],
[ O(31^9), 5 + O(31^9) ],
[ 9 + O(31^9), -4 + O(31^9) ],
[ 2 + O(31^9), -1 + O(31^9) ]
] 



Total time: 34053.199 seconds, Total memory usage: 2742.34MB
